-------------------- Log Start | Tue Oct 17 14:03:59 2023 --------------------
data_path: /home/pi/printer_data
is_default_data_path: False
config_file: /home/pi/printer_data/config/moonraker.conf
startup_warnings: []
verbose: False
debug: False
asyncio_debug: False
is_backup_config: False
is_python_package: True
instance_uuid: 95678622bc764a34a0bfdc9388ec936a
unix_socket_path: /home/pi/printer_data/comms/moonraker.sock
software_version: v0.8.0-142-gee62d07
git_branch: master
git_remote: origin
git_repo_url: https://github.com/Arksine/moonraker.git
modified_files: []
unofficial_components: []
log_file: /home/pi/printer_data/logs/moonraker.log
python_version: 3.9.2 (default, Mar 12 2021, 04:06:34)  [GCC 10.2.1 20210110]

#################### Moonraker Configuration ####################

[server]
host = 0.0.0.0
port = 7125
max_upload_size = 1024
klippy_uds_address = ~/printer_data/comms/klippy.sock

[file_manager]
enable_object_processing = False

[authorization]
cors_domains = 
	https://my.mainsail.xyz
	http://my.mainsail.xyz
	http://*.local
	http://*.lan
trusted_clients = 
	10.0.0.0/8
	127.0.0.0/8
	169.254.0.0/16
	172.16.0.0/12
	192.168.0.0/16
	FE80::/10
	::1/128

[octoprint_compat]

[history]

[announcements]
subscriptions = 
	mainsail

[update_manager]
refresh_interval = 168
enable_auto_refresh = True

[update_manager mainsail]
type = web
channel = stable
repo = mainsail-crew/mainsail
path = ~/mainsail

[update_manager mainsail-config]
type = git_repo
primary_branch = master
path = ~/mainsail-config
origin = https://github.com/mainsail-crew/mainsail-config.git
managed_services = klipper

[update_manager crowsnest]
type = git_repo
path = ~/crowsnest
origin = https://github.com/mainsail-crew/crowsnest.git
managed_services = crowsnest
install_script = tools/install.sh

[update_manager sonar]
type = git_repo
path = ~/sonar
origin = https://github.com/mainsail-crew/sonar.git
primary_branch = main
managed_services = sonar
install_script = tools/install.sh

[update_manager Klipper-Adaptive-Meshing-Purging]
type = git_repo
channel = dev
path = ~/Klipper-Adaptive-Meshing-Purging
origin = https://github.com/kyleisah/Klipper-Adaptive-Meshing-Purging.git
managed_services = klipper
primary_branch = main

#################################################################
All Configuration Files:
/home/pi/printer_data/config/moonraker.conf
#################################################################
2023-10-17 15:03:59,956 [confighelper.py:read_file()] - Configuration File '/home/pi/printer_data/config/moonraker.conf' parsed, total size: 2415 B
2023-10-17 15:03:59,956 [server.py:add_log_rollover_item()] - 
#################### Moonraker Configuration ####################

[server]
host = 0.0.0.0
port = 7125
max_upload_size = 1024
klippy_uds_address = ~/printer_data/comms/klippy.sock

[file_manager]
enable_object_processing = False

[authorization]
cors_domains = 
	https://my.mainsail.xyz
	http://my.mainsail.xyz
	http://*.local
	http://*.lan
trusted_clients = 
	10.0.0.0/8
	127.0.0.0/8
	169.254.0.0/16
	172.16.0.0/12
	192.168.0.0/16
	FE80::/10
	::1/128

[octoprint_compat]

[history]

[announcements]
subscriptions = 
	mainsail

[update_manager]
refresh_interval = 168
enable_auto_refresh = True

[update_manager mainsail]
type = web
channel = stable
repo = mainsail-crew/mainsail
path = ~/mainsail

[update_manager mainsail-config]
type = git_repo
primary_branch = master
path = ~/mainsail-config
origin = https://github.com/mainsail-crew/mainsail-config.git
managed_services = klipper

[update_manager crowsnest]
type = git_repo
path = ~/crowsnest
origin = https://github.com/mainsail-crew/crowsnest.git
managed_services = crowsnest
install_script = tools/install.sh

[update_manager sonar]
type = git_repo
path = ~/sonar
origin = https://github.com/mainsail-crew/sonar.git
primary_branch = main
managed_services = sonar
install_script = tools/install.sh

[update_manager Klipper-Adaptive-Meshing-Purging]
type = git_repo
channel = dev
path = ~/Klipper-Adaptive-Meshing-Purging
origin = https://github.com/kyleisah/Klipper-Adaptive-Meshing-Purging.git
managed_services = klipper
primary_branch = main

#################################################################
All Configuration Files:
/home/pi/printer_data/config/moonraker.conf
#################################################################
2023-10-17 15:03:59,982 [app.py:register_local_handler()] - Registering HTTP Endpoint: (POST) /server/logs/rollover
2023-10-17 15:03:59,983 [websockets.py:register_api_handler()] - Registering Websocket JSON-RPC methods: server.logs.rollover
2023-10-17 15:03:59,983 [app.py:register_local_handler()] - Registering HTTP Endpoint: (GET) /server/info
2023-10-17 15:03:59,983 [websockets.py:register_api_handler()] - Registering Websocket JSON-RPC methods: server.info
2023-10-17 15:03:59,983 [app.py:register_local_handler()] - Registering HTTP Endpoint: (GET) /server/config
2023-10-17 15:03:59,984 [websockets.py:register_api_handler()] - Registering Websocket JSON-RPC methods: server.config
2023-10-17 15:03:59,984 [app.py:register_local_handler()] - Registering HTTP Endpoint: (POST) /server/restart
2023-10-17 15:03:59,984 [websockets.py:register_api_handler()] - Registering Websocket JSON-RPC methods: server.restart
2023-10-17 15:04:00,074 [server.py:load_component()] - Component (dbus_manager) loaded
2023-10-17 15:04:00,115 [server.py:add_log_rollover_item()] - Unsafe Shutdown Count: 252
2023-10-17 15:04:00,135 [app.py:register_local_handler()] - Registering HTTP Endpoint: (GET) /server/database/list
2023-10-17 15:04:00,136 [websockets.py:register_api_handler()] - Registering Websocket JSON-RPC methods: server.database.list
2023-10-17 15:04:00,136 [app.py:register_local_handler()] - Registering HTTP Endpoint: (GET POST DELETE) /server/database/item
2023-10-17 15:04:00,136 [websockets.py:register_api_handler()] - Registering Websocket JSON-RPC methods: server.database.get_item, server.database.post_item, server.database.delete_item
2023-10-17 15:04:00,136 [server.py:load_component()] - Component (database) loaded
2023-10-17 15:04:00,162 [file_manager.py:__init__()] - Using File System Observer: inotify
2023-10-17 15:04:00,187 [app.py:register_local_handler()] - Registering HTTP Endpoint: (GET) /server/files/list
2023-10-17 15:04:00,188 [websockets.py:register_api_handler()] - Registering Websocket JSON-RPC methods: server.files.list
2023-10-17 15:04:00,188 [app.py:register_local_handler()] - Registering HTTP Endpoint: (GET) /server/files/metadata
2023-10-17 15:04:00,188 [websockets.py:register_api_handler()] - Registering Websocket JSON-RPC methods: server.files.metadata
2023-10-17 15:04:00,188 [app.py:register_local_handler()] - Registering HTTP Endpoint: (POST) /server/files/metascan
2023-10-17 15:04:00,189 [websockets.py:register_api_handler()] - Registering Websocket JSON-RPC methods: server.files.metascan
2023-10-17 15:04:00,189 [app.py:register_local_handler()] - Registering HTTP Endpoint: (GET) /server/files/thumbnails
2023-10-17 15:04:00,189 [websockets.py:register_api_handler()] - Registering Websocket JSON-RPC methods: server.files.thumbnails
2023-10-17 15:04:00,189 [app.py:register_local_handler()] - Registering HTTP Endpoint: (GET) /server/files/roots
2023-10-17 15:04:00,190 [websockets.py:register_api_handler()] - Registering Websocket JSON-RPC methods: server.files.roots
2023-10-17 15:04:00,190 [app.py:register_local_handler()] - Registering HTTP Endpoint: (GET POST DELETE) /server/files/directory
2023-10-17 15:04:00,190 [websockets.py:register_api_handler()] - Registering Websocket JSON-RPC methods: server.files.get_directory, server.files.post_directory, server.files.delete_directory
2023-10-17 15:04:00,190 [app.py:register_local_handler()] - Registering HTTP Endpoint: (POST) /server/files/move
2023-10-17 15:04:00,191 [websockets.py:register_api_handler()] - Registering Websocket JSON-RPC methods: server.files.move
2023-10-17 15:04:00,191 [app.py:register_local_handler()] - Registering HTTP Endpoint: (POST) /server/files/copy
2023-10-17 15:04:00,191 [websockets.py:register_api_handler()] - Registering Websocket JSON-RPC methods: server.files.copy
2023-10-17 15:04:00,191 [app.py:register_local_handler()] - Registering HTTP Endpoint: (POST) /server/files/zip
2023-10-17 15:04:00,191 [websockets.py:register_api_handler()] - Registering Websocket JSON-RPC methods: server.files.zip
2023-10-17 15:04:00,191 [websockets.py:register_api_handler()] - Registering Websocket JSON-RPC methods: server.files.delete_file
2023-10-17 15:04:00,197 [server.py:load_component()] - Component (file_manager) loaded
2023-10-17 15:04:00,199 [app.py:register_local_handler()] - Registering HTTP Endpoint: (POST) /printer/print/pause
2023-10-17 15:04:00,200 [websockets.py:register_api_handler()] - Registering Websocket JSON-RPC methods: printer.print.pause
2023-10-17 15:04:00,200 [app.py:register_local_handler()] - Registering HTTP Endpoint: (POST) /printer/print/resume
2023-10-17 15:04:00,200 [websockets.py:register_api_handler()] - Registering Websocket JSON-RPC methods: printer.print.resume
2023-10-17 15:04:00,200 [app.py:register_local_handler()] - Registering HTTP Endpoint: (POST) /printer/print/cancel
2023-10-17 15:04:00,201 [websockets.py:register_api_handler()] - Registering Websocket JSON-RPC methods: printer.print.cancel
2023-10-17 15:04:00,201 [app.py:register_local_handler()] - Registering HTTP Endpoint: (POST) /printer/print/start
2023-10-17 15:04:00,201 [websockets.py:register_api_handler()] - Registering Websocket JSON-RPC methods: printer.print.start
2023-10-17 15:04:00,201 [app.py:register_local_handler()] - Registering HTTP Endpoint: (POST) /printer/restart
2023-10-17 15:04:00,202 [websockets.py:register_api_handler()] - Registering Websocket JSON-RPC methods: printer.restart
2023-10-17 15:04:00,202 [app.py:register_local_handler()] - Registering HTTP Endpoint: (POST) /printer/firmware_restart
2023-10-17 15:04:00,202 [websockets.py:register_api_handler()] - Registering Websocket JSON-RPC methods: printer.firmware_restart
2023-10-17 15:04:00,202 [server.py:load_component()] - Component (klippy_apis) loaded
2023-10-17 15:04:00,379 [server.py:load_component()] - Component (secrets) loaded
2023-10-17 15:04:00,389 [server.py:load_component()] - Component (template) loaded
2023-10-17 15:04:00,445 [server.py:add_log_rollover_item()] - 
System Info:

***python***
  version: sys.version_info(major=3, minor=9, micro=2, releaselevel='final', serial=0)
  version_string: 3.9.2 (default, Mar 12 2021, 04:06:34)  [GCC 10.2.1 20210110]

***cpu_info***
  cpu_count: 4
  bits: 32bit
  processor: aarch64
  cpu_desc: 
  serial_number: 100000001a2f9042
  hardware_desc: BCM2835
  model: Raspberry Pi 4 Model B Rev 1.5
  total_memory: 7819948
  memory_units: kB

***sd_info***
  manufacturer_id: 1b
  manufacturer: Samsung
  oem_id: 534d
  product_name: EFAQK
  product_revision: 3.0
  serial_number: 1c5955ac
  manufacturer_date: 9/2020
  capacity: 476.9 GiB
  total_bytes: 512074186752

***distribution***
  name: Raspbian GNU/Linux 11 (bullseye)
  id: raspbian
  version: 11
  version_parts: {'major': '11', 'minor': '', 'build_number': ''}
  like: debian
  codename: bullseye
  release_info: {'name': 'MainsailOS', 'version_id': '1.1.1', 'codename': 'bullseye', 'id': 'mainsailos'}

***virtualization***
  virt_type: none
  virt_identifier: none

***network***

***canbus***

***Allowed Services***
  klipper_mcu
  webcamd
  MoonCord
  KlipperScreen
  moonraker-telegram-bot
  moonraker-obico
  sonar
  crowsnest
  octoeverywhere
  ratos-configurator
2023-10-17 15:04:00,449 [server.py:load_component()] - Component (shell_command) loaded
2023-10-17 15:04:00,449 [machine.py:__init__()] - Using System Provider: systemd_dbus
2023-10-17 15:04:00,450 [app.py:register_local_handler()] - Registering HTTP Endpoint: (POST) /machine/reboot
2023-10-17 15:04:00,451 [websockets.py:register_api_handler()] - Registering Websocket JSON-RPC methods: machine.reboot
2023-10-17 15:04:00,452 [app.py:register_local_handler()] - Registering HTTP Endpoint: (POST) /machine/shutdown
2023-10-17 15:04:00,453 [websockets.py:register_api_handler()] - Registering Websocket JSON-RPC methods: machine.shutdown
2023-10-17 15:04:00,453 [app.py:register_local_handler()] - Registering HTTP Endpoint: (POST) /machine/services/restart
2023-10-17 15:04:00,455 [websockets.py:register_api_handler()] - Registering Websocket JSON-RPC methods: machine.services.restart
2023-10-17 15:04:00,455 [app.py:register_local_handler()] - Registering HTTP Endpoint: (POST) /machine/services/stop
2023-10-17 15:04:00,456 [websockets.py:register_api_handler()] - Registering Websocket JSON-RPC methods: machine.services.stop
2023-10-17 15:04:00,456 [app.py:register_local_handler()] - Registering HTTP Endpoint: (POST) /machine/services/start
2023-10-17 15:04:00,456 [websockets.py:register_api_handler()] - Registering Websocket JSON-RPC methods: machine.services.start
2023-10-17 15:04:00,456 [app.py:register_local_handler()] - Registering HTTP Endpoint: (GET) /machine/system_info
2023-10-17 15:04:00,457 [websockets.py:register_api_handler()] - Registering Websocket JSON-RPC methods: machine.system_info
2023-10-17 15:04:00,457 [app.py:register_local_handler()] - Registering HTTP Endpoint: (GET) /machine/sudo/info
2023-10-17 15:04:00,457 [websockets.py:register_api_handler()] - Registering Websocket JSON-RPC methods: machine.sudo.info
2023-10-17 15:04:00,457 [app.py:register_local_handler()] - Registering HTTP Endpoint: (POST) /machine/sudo/password
2023-10-17 15:04:00,457 [websockets.py:register_api_handler()] - Registering Websocket JSON-RPC methods: machine.sudo.password
2023-10-17 15:04:00,458 [server.py:load_component()] - Component (machine) loaded
2023-10-17 15:04:00,461 [app.py:register_local_handler()] - Registering HTTP Endpoint: (GET) /server/temperature_store
2023-10-17 15:04:00,462 [websockets.py:register_api_handler()] - Registering Websocket JSON-RPC methods: server.temperature_store
2023-10-17 15:04:00,462 [app.py:register_local_handler()] - Registering HTTP Endpoint: (GET) /server/gcode_store
2023-10-17 15:04:00,462 [websockets.py:register_api_handler()] - Registering Websocket JSON-RPC methods: server.gcode_store
2023-10-17 15:04:00,462 [server.py:load_component()] - Component (data_store) loaded
2023-10-17 15:04:00,466 [proc_stats.py:__init__()] - Detected 'vcgencmd', throttle checking enabled
2023-10-17 15:04:00,467 [app.py:register_local_handler()] - Registering HTTP Endpoint: (GET) /machine/proc_stats
2023-10-17 15:04:00,467 [websockets.py:register_api_handler()] - Registering Websocket JSON-RPC methods: machine.proc_stats
2023-10-17 15:04:00,468 [server.py:load_component()] - Component (proc_stats) loaded
2023-10-17 15:04:00,470 [server.py:load_component()] - Component (job_state) loaded
2023-10-17 15:04:00,473 [app.py:register_local_handler()] - Registering HTTP Endpoint: (POST DELETE) /server/job_queue/job
2023-10-17 15:04:00,473 [websockets.py:register_api_handler()] - Registering Websocket JSON-RPC methods: server.job_queue.post_job, server.job_queue.delete_job
2023-10-17 15:04:00,473 [app.py:register_local_handler()] - Registering HTTP Endpoint: (POST) /server/job_queue/pause
2023-10-17 15:04:00,474 [websockets.py:register_api_handler()] - Registering Websocket JSON-RPC methods: server.job_queue.pause
2023-10-17 15:04:00,474 [app.py:register_local_handler()] - Registering HTTP Endpoint: (POST) /server/job_queue/start
2023-10-17 15:04:00,474 [websockets.py:register_api_handler()] - Registering Websocket JSON-RPC methods: server.job_queue.start
2023-10-17 15:04:00,474 [app.py:register_local_handler()] - Registering HTTP Endpoint: (GET) /server/job_queue/status
2023-10-17 15:04:00,474 [websockets.py:register_api_handler()] - Registering Websocket JSON-RPC methods: server.job_queue.status
2023-10-17 15:04:00,474 [app.py:register_local_handler()] - Registering HTTP Endpoint: (POST) /server/job_queue/jump
2023-10-17 15:04:00,475 [websockets.py:register_api_handler()] - Registering Websocket JSON-RPC methods: server.job_queue.jump
2023-10-17 15:04:00,475 [server.py:load_component()] - Component (job_queue) loaded
2023-10-17 15:04:00,485 [server.py:load_component()] - Component (http_client) loaded
2023-10-17 15:04:00,488 [app.py:register_local_handler()] - Registering HTTP Endpoint: (GET) /server/announcements/list
2023-10-17 15:04:00,489 [websockets.py:register_api_handler()] - Registering Websocket JSON-RPC methods: server.announcements.list
2023-10-17 15:04:00,489 [app.py:register_local_handler()] - Registering HTTP Endpoint: (POST) /server/announcements/dismiss
2023-10-17 15:04:00,489 [websockets.py:register_api_handler()] - Registering Websocket JSON-RPC methods: server.announcements.dismiss
2023-10-17 15:04:00,489 [app.py:register_local_handler()] - Registering HTTP Endpoint: (POST) /server/announcements/update
2023-10-17 15:04:00,490 [websockets.py:register_api_handler()] - Registering Websocket JSON-RPC methods: server.announcements.update
2023-10-17 15:04:00,490 [app.py:register_local_handler()] - Registering HTTP Endpoint: (POST DELETE) /server/announcements/feed
2023-10-17 15:04:00,490 [websockets.py:register_api_handler()] - Registering Websocket JSON-RPC methods: server.announcements.post_feed, server.announcements.delete_feed
2023-10-17 15:04:00,490 [app.py:register_local_handler()] - Registering HTTP Endpoint: (GET) /server/announcements/feeds
2023-10-17 15:04:00,491 [websockets.py:register_api_handler()] - Registering Websocket JSON-RPC methods: server.announcements.feeds
2023-10-17 15:04:00,491 [server.py:load_component()] - Component (announcements) loaded
2023-10-17 15:04:00,494 [app.py:register_local_handler()] - Registering HTTP Endpoint: (GET) /server/webcams/list
2023-10-17 15:04:00,495 [websockets.py:register_api_handler()] - Registering Websocket JSON-RPC methods: server.webcams.list
2023-10-17 15:04:00,495 [app.py:register_local_handler()] - Registering HTTP Endpoint: (GET POST DELETE) /server/webcams/item
2023-10-17 15:04:00,496 [websockets.py:register_api_handler()] - Registering Websocket JSON-RPC methods: server.webcams.get_item, server.webcams.post_item, server.webcams.delete_item
2023-10-17 15:04:00,496 [app.py:register_local_handler()] - Registering HTTP Endpoint: (POST) /server/webcams/test
2023-10-17 15:04:00,496 [websockets.py:register_api_handler()] - Registering Websocket JSON-RPC methods: server.webcams.test
2023-10-17 15:04:00,496 [server.py:load_component()] - Component (webcam) loaded
2023-10-17 15:04:00,499 [websockets.py:register_api_handler()] - Registering Websocket JSON-RPC methods: connection.send_event
2023-10-17 15:04:00,499 [app.py:register_local_handler()] - Registering HTTP Endpoint: (GET) /server/extensions/list
2023-10-17 15:04:00,499 [websockets.py:register_api_handler()] - Registering Websocket JSON-RPC methods: server.extensions.list
2023-10-17 15:04:00,500 [app.py:register_local_handler()] - Registering HTTP Endpoint: (POST) /server/extensions/request
2023-10-17 15:04:00,500 [websockets.py:register_api_handler()] - Registering Websocket JSON-RPC methods: server.extensions.request
2023-10-17 15:04:00,500 [server.py:load_component()] - Component (extensions) loaded
2023-10-17 15:04:00,503 [app.py:register_local_handler()] - Registering HTTP Endpoint: (GET) /api/version
2023-10-17 15:04:00,503 [app.py:register_local_handler()] - Registering HTTP Endpoint: (GET) /api/server
2023-10-17 15:04:00,504 [app.py:register_local_handler()] - Registering HTTP Endpoint: (POST) /api/login
2023-10-17 15:04:00,504 [app.py:register_local_handler()] - Registering HTTP Endpoint: (GET) /api/currentuser
2023-10-17 15:04:00,504 [app.py:register_local_handler()] - Registering HTTP Endpoint: (GET) /api/settings
2023-10-17 15:04:00,505 [app.py:register_local_handler()] - Registering HTTP Endpoint: (GET) /api/job
2023-10-17 15:04:00,505 [app.py:register_local_handler()] - Registering HTTP Endpoint: (GET) /api/printer
2023-10-17 15:04:00,505 [app.py:register_local_handler()] - Registering HTTP Endpoint: (POST) /api/printer/command
2023-10-17 15:04:00,505 [app.py:register_local_handler()] - Registering HTTP Endpoint: (GET) /api/printerprofiles
2023-10-17 15:04:00,506 [app.py:register_local_handler()] - Registering HTTP Endpoint: (POST) /api/files/moonraker/(?P<relative_path>.+)
2023-10-17 15:04:00,506 [server.py:load_component()] - Component (octoprint_compat) loaded
2023-10-17 15:04:00,510 [app.py:register_local_handler()] - Registering HTTP Endpoint: (GET DELETE) /server/history/job
2023-10-17 15:04:00,510 [websockets.py:register_api_handler()] - Registering Websocket JSON-RPC methods: server.history.get_job, server.history.delete_job
2023-10-17 15:04:00,510 [app.py:register_local_handler()] - Registering HTTP Endpoint: (GET) /server/history/list
2023-10-17 15:04:00,511 [websockets.py:register_api_handler()] - Registering Websocket JSON-RPC methods: server.history.list
2023-10-17 15:04:00,511 [app.py:register_local_handler()] - Registering HTTP Endpoint: (GET) /server/history/totals
2023-10-17 15:04:00,514 [websockets.py:register_api_handler()] - Registering Websocket JSON-RPC methods: server.history.totals
2023-10-17 15:04:00,514 [app.py:register_local_handler()] - Registering HTTP Endpoint: (POST) /server/history/reset_totals
2023-10-17 15:04:00,515 [websockets.py:register_api_handler()] - Registering Websocket JSON-RPC methods: server.history.reset_totals
2023-10-17 15:04:00,517 [server.py:load_component()] - Component (history) loaded
2023-10-17 15:04:00,569 [base_deploy.py:log_info()] - Git Repo moonraker: Detected virtualenv: /home/pi/moonraker-env
2023-10-17 15:04:00,572 [base_deploy.py:log_info()] - Git Repo klipper: Detected virtualenv: /home/pi/klippy-env
2023-10-17 15:04:00,581 [app.py:register_local_handler()] - Registering HTTP Endpoint: (POST) /machine/update/moonraker
2023-10-17 15:04:00,581 [websockets.py:register_api_handler()] - Registering Websocket JSON-RPC methods: machine.update.moonraker
2023-10-17 15:04:00,581 [app.py:register_local_handler()] - Registering HTTP Endpoint: (POST) /machine/update/klipper
2023-10-17 15:04:00,582 [websockets.py:register_api_handler()] - Registering Websocket JSON-RPC methods: machine.update.klipper
2023-10-17 15:04:00,582 [app.py:register_local_handler()] - Registering HTTP Endpoint: (POST) /machine/update/system
2023-10-17 15:04:00,582 [websockets.py:register_api_handler()] - Registering Websocket JSON-RPC methods: machine.update.system
2023-10-17 15:04:00,582 [app.py:register_local_handler()] - Registering HTTP Endpoint: (POST) /machine/update/client
2023-10-17 15:04:00,583 [websockets.py:register_api_handler()] - Registering Websocket JSON-RPC methods: machine.update.client
2023-10-17 15:04:00,583 [app.py:register_local_handler()] - Registering HTTP Endpoint: (POST) /machine/update/full
2023-10-17 15:04:00,583 [websockets.py:register_api_handler()] - Registering Websocket JSON-RPC methods: machine.update.full
2023-10-17 15:04:00,583 [app.py:register_local_handler()] - Registering HTTP Endpoint: (GET) /machine/update/status
2023-10-17 15:04:00,584 [websockets.py:register_api_handler()] - Registering Websocket JSON-RPC methods: machine.update.status
2023-10-17 15:04:00,584 [app.py:register_local_handler()] - Registering HTTP Endpoint: (POST) /machine/update/refresh
2023-10-17 15:04:00,584 [websockets.py:register_api_handler()] - Registering Websocket JSON-RPC methods: machine.update.refresh
2023-10-17 15:04:00,584 [app.py:register_local_handler()] - Registering HTTP Endpoint: (POST) /machine/update/recover
2023-10-17 15:04:00,584 [websockets.py:register_api_handler()] - Registering Websocket JSON-RPC methods: machine.update.recover
2023-10-17 15:04:00,585 [app.py:register_local_handler()] - Registering HTTP Endpoint: (POST) /machine/update/rollback
2023-10-17 15:04:00,585 [websockets.py:register_api_handler()] - Registering Websocket JSON-RPC methods: machine.update.rollback
2023-10-17 15:04:00,585 [server.py:load_component()] - Component (update_manager) loaded
2023-10-17 15:04:00,609 [authorization.py:__init__()] - Authorization Configuration Loaded
Trusted Clients:
10.0.0.0/8
127.0.0.0/8
169.254.0.0/16
172.16.0.0/12
192.168.0.0/16
fe80::/10
::1/128
CORS Domains:
https://my\.mainsail\.xyz
http://my\.mainsail\.xyz
http://.*\.local
http://.*\.lan
2023-10-17 15:04:00,609 [app.py:register_local_handler()] - Registering HTTP Endpoint: (POST) /access/login
2023-10-17 15:04:00,610 [websockets.py:register_api_handler()] - Registering Websocket JSON-RPC methods: access.login
2023-10-17 15:04:00,610 [app.py:register_local_handler()] - Registering HTTP Endpoint: (POST) /access/logout
2023-10-17 15:04:00,610 [websockets.py:register_api_handler()] - Registering Websocket JSON-RPC methods: access.logout
2023-10-17 15:04:00,610 [app.py:register_local_handler()] - Registering HTTP Endpoint: (POST) /access/refresh_jwt
2023-10-17 15:04:00,610 [websockets.py:register_api_handler()] - Registering Websocket JSON-RPC methods: access.refresh_jwt
2023-10-17 15:04:00,611 [app.py:register_local_handler()] - Registering HTTP Endpoint: (GET POST DELETE) /access/user
2023-10-17 15:04:00,611 [websockets.py:register_api_handler()] - Registering Websocket JSON-RPC methods: access.get_user, access.post_user, access.delete_user
2023-10-17 15:04:00,611 [app.py:register_local_handler()] - Registering HTTP Endpoint: (GET) /access/users/list
2023-10-17 15:04:00,612 [websockets.py:register_api_handler()] - Registering Websocket JSON-RPC methods: access.users.list
2023-10-17 15:04:00,612 [app.py:register_local_handler()] - Registering HTTP Endpoint: (POST) /access/user/password
2023-10-17 15:04:00,612 [websockets.py:register_api_handler()] - Registering Websocket JSON-RPC methods: access.user.password
2023-10-17 15:04:00,612 [app.py:register_local_handler()] - Registering HTTP Endpoint: (GET POST) /access/api_key
2023-10-17 15:04:00,612 [websockets.py:register_api_handler()] - Registering Websocket JSON-RPC methods: access.get_api_key, access.post_api_key
2023-10-17 15:04:00,613 [app.py:register_local_handler()] - Registering HTTP Endpoint: (GET) /access/oneshot_token
2023-10-17 15:04:00,613 [websockets.py:register_api_handler()] - Registering Websocket JSON-RPC methods: access.oneshot_token
2023-10-17 15:04:00,613 [app.py:register_local_handler()] - Registering HTTP Endpoint: (GET) /access/info
2023-10-17 15:04:00,613 [websockets.py:register_api_handler()] - Registering Websocket JSON-RPC methods: access.info
2023-10-17 15:04:00,613 [server.py:load_component()] - Component (authorization) loaded
2023-10-17 15:04:00,623 [server.py:_initialize_component()] - Performing Component Post Init: [dbus_manager]
2023-10-17 15:04:00,638 [server.py:_initialize_component()] - Performing Component Post Init: [file_manager]
2023-10-17 15:04:00,655 [server.py:_initialize_component()] - Performing Component Post Init: [machine]
2023-10-17 15:04:00,656 [machine.py:validation_init()] - Installation version in database up to date
2023-10-17 15:04:00,894 [machine.py:check_virt_status()] - No Virtualization Detected
2023-10-17 15:04:00,906 [machine.py:_find_public_ip()] - Detected Local IP: 192.168.0.80
2023-10-17 15:04:00,908 [webcam.py:_set_default_host_ip()] - Default public webcam address set: http://192.168.0.80
2023-10-17 15:04:00,985 [server.py:add_log_rollover_item()] - 
Systemd unit moonraker.service:
unit_name: moonraker.service
is_default: True
manager: systemd
Properties:
**Requires=['sysinit.target', 'network-online.target', 'system.slice']
**After=['network-online.target', 'system.slice', 'klipper.service', 'basic.target', 'sysinit.target', 'systemd-journald.socket']
**SupplementaryGroups=['moonraker-admin']
**EnvironmentFiles=/home/pi/printer_data/systemd/moonraker.env
**ExecStart=/home/pi/moonraker-env/bin/python $MOONRAKER_ARGS
**WorkingDirectory=
**FragmentPath=/etc/systemd/system/moonraker.service
**Description=API Server for Klipper SV1
**User=pi
2023-10-17 15:04:00,986 [server.py:_initialize_component()] - Performing Component Post Init: [proc_stats]
2023-10-17 15:04:00,986 [server.py:_initialize_component()] - Performing Component Post Init: [announcements]
2023-10-17 15:04:00,987 [server.py:_initialize_component()] - Performing Component Post Init: [webcam]
2023-10-17 15:04:00,987 [webcam.py:_set_default_host_ip()] - Default public webcam address set: http://192.168.0.80
2023-10-17 15:04:00,987 [server.py:_initialize_component()] - Performing Component Post Init: [klippy_connection]
2023-10-17 15:04:00,988 [server.py:add_log_rollover_item()] - 
Systemd unit klipper.service:
unit_name: klipper.service
is_default: True
manager: systemd
Properties:
**Requires=['-.mount', 'sysinit.target', 'system.slice']
**After=['systemd-journald.socket', 'network-online.target', 'sysinit.target', '-.mount', 'basic.target', 'system.slice']
**SupplementaryGroups=[]
**EnvironmentFiles=/home/pi/printer_data/systemd/klipper.env
**ExecStart=/home/pi/klippy-env/bin/python $KLIPPER_ARGS
**WorkingDirectory=/home/pi/klipper
**FragmentPath=/etc/systemd/system/klipper.service
**Description=Klipper 3D Printer Firmware SV1
**User=pi
2023-10-17 15:04:00,989 [server.py:_initialize_component()] - Performing Component Post Init: [update_manager]
2023-10-17 15:04:00,991 [server.py:_initialize_component()] - Performing Component Post Init: [authorization]
2023-10-17 15:04:01,431 [base_deploy.py:log_info()] - PackageDeploy: PackageKit Provider Configured
2023-10-17 15:04:01,432 [base_deploy.py:log_info()] - Git Repo moonraker: Stored pip version: 20.3.4
2023-10-17 15:04:01,510 [extensions.py:start_unix_server()] - Creating Unix Domain Socket at '/home/pi/printer_data/comms/moonraker.sock'
2023-10-17 15:04:01,511 [server.py:start_server()] - Starting Moonraker on (0.0.0.0, 7125), Hostname: pi48GBTrident
2023-10-17 15:04:01,513 [app.py:listen()] - SSL Certificate/Key not configured, aborting HTTPS Server startup
2023-10-17 15:04:01,765 [klippy_connection.py:_do_connect()] - Klippy Connection Established
2023-10-17 15:04:01,827 [server.py:add_log_rollover_item()] - 
Systemd unit klipper.service:
unit_name: klipper.service
is_default: True
manager: systemd
Properties:
**Requires=['sysinit.target', 'system.slice', '-.mount']
**After=['network-online.target', 'system.slice', '-.mount', 'basic.target', 'sysinit.target', 'systemd-journald.socket']
**SupplementaryGroups=[]
**EnvironmentFiles=/home/pi/printer_data/systemd/klipper.env
**ExecStart=/home/pi/klippy-env/bin/python $KLIPPER_ARGS
**WorkingDirectory=/home/pi/klipper
**FragmentPath=/etc/systemd/system/klipper.service
**Description=Klipper 3D Printer Firmware SV1
**User=pi
2023-10-17 15:04:02,105 [server.py:add_log_rollover_item()] - Klipper Version: v0.11.0-295-g83ef0e13
2023-10-17 15:04:02,127 [app.py:register_remote_handler()] - Registering HTTP endpoint: (GET POST) /printer/info
2023-10-17 15:04:02,128 [websockets.py:register_api_handler()] - Registering Websocket JSON-RPC methods: printer.info
2023-10-17 15:04:02,128 [app.py:register_remote_handler()] - Registering HTTP endpoint: (GET POST) /printer/emergency_stop
2023-10-17 15:04:02,128 [websockets.py:register_api_handler()] - Registering Websocket JSON-RPC methods: printer.emergency_stop
2023-10-17 15:04:02,128 [app.py:register_remote_handler()] - Registering HTTP endpoint: (GET POST) /printer/gcode/help
2023-10-17 15:04:02,129 [websockets.py:register_api_handler()] - Registering Websocket JSON-RPC methods: printer.gcode.help
2023-10-17 15:04:02,129 [app.py:register_remote_handler()] - Registering HTTP endpoint: (GET POST) /printer/gcode/script
2023-10-17 15:04:02,129 [websockets.py:register_api_handler()] - Registering Websocket JSON-RPC methods: printer.gcode.script
2023-10-17 15:04:02,129 [app.py:register_remote_handler()] - Registering HTTP endpoint: (GET POST) /printer/gcode/restart
2023-10-17 15:04:02,129 [websockets.py:register_api_handler()] - Registering Websocket JSON-RPC methods: printer.gcode.restart
2023-10-17 15:04:02,129 [app.py:register_remote_handler()] - Registering HTTP endpoint: (GET POST) /printer/gcode/firmware_restart
2023-10-17 15:04:02,130 [websockets.py:register_api_handler()] - Registering Websocket JSON-RPC methods: printer.gcode.firmware_restart
2023-10-17 15:04:02,130 [app.py:register_remote_handler()] - Registering HTTP endpoint: (GET POST) /printer/objects/list
2023-10-17 15:04:02,130 [websockets.py:register_api_handler()] - Registering Websocket JSON-RPC methods: printer.objects.list
2023-10-17 15:04:02,130 [app.py:register_remote_handler()] - Registering HTTP endpoint: (GET POST) /printer/objects/query
2023-10-17 15:04:02,131 [websockets.py:register_api_handler()] - Registering Websocket JSON-RPC methods: printer.objects.query
2023-10-17 15:04:02,131 [app.py:register_remote_handler()] - Registering HTTP endpoint: (GET POST) /printer/objects/subscribe
2023-10-17 15:04:02,131 [websockets.py:register_api_handler()] - Registering Websocket JSON-RPC methods: printer.objects.subscribe
2023-10-17 15:04:02,131 [app.py:register_remote_handler()] - Registering HTTP endpoint: (GET POST) /printer/adxl345/dump_adxl345
2023-10-17 15:04:02,131 [websockets.py:register_api_handler()] - Registering Websocket JSON-RPC methods: printer.adxl345.dump_adxl345
2023-10-17 15:04:02,131 [app.py:register_remote_handler()] - Registering HTTP endpoint: (GET POST) /printer/pause_resume/cancel
2023-10-17 15:04:02,132 [websockets.py:register_api_handler()] - Registering Websocket JSON-RPC methods: printer.pause_resume.cancel
2023-10-17 15:04:02,132 [app.py:register_remote_handler()] - Registering HTTP endpoint: (GET POST) /printer/pause_resume/pause
2023-10-17 15:04:02,132 [websockets.py:register_api_handler()] - Registering Websocket JSON-RPC methods: printer.pause_resume.pause
2023-10-17 15:04:02,132 [app.py:register_remote_handler()] - Registering HTTP endpoint: (GET POST) /printer/pause_resume/resume
2023-10-17 15:04:02,134 [websockets.py:register_api_handler()] - Registering Websocket JSON-RPC methods: printer.pause_resume.resume
2023-10-17 15:04:02,134 [app.py:register_remote_handler()] - Registering HTTP endpoint: (GET POST) /printer/motion_report/dump_stepper
2023-10-17 15:04:02,134 [websockets.py:register_api_handler()] - Registering Websocket JSON-RPC methods: printer.motion_report.dump_stepper
2023-10-17 15:04:02,134 [app.py:register_remote_handler()] - Registering HTTP endpoint: (GET POST) /printer/query_endstops/status
2023-10-17 15:04:02,135 [websockets.py:register_api_handler()] - Registering Websocket JSON-RPC methods: printer.query_endstops.status
2023-10-17 15:04:03,490 [base_deploy.py:log_info()] - PackageKit: Detected 0 package updates:

2023-10-17 15:04:03,504 [shell_command.py:_check_proc_success()] - Command (git -C /home/pi/moonraker status --porcelain -b) successfully finished
2023-10-17 15:04:03,524 [shell_command.py:_check_proc_success()] - Command (git -C /home/pi/moonraker branch --list --no-color) successfully finished
2023-10-17 15:04:03,543 [shell_command.py:_check_proc_success()] - Command (git -C /home/pi/moonraker remote get-url origin) successfully finished
2023-10-17 15:04:04,181 [klippy_connection.py:_request_initial_subscriptions()] - Webhooks Subscribed
2023-10-17 15:04:04,183 [klippy_connection.py:_request_initial_subscriptions()] - GCode Output Subscribed
2023-10-17 15:04:04,185 [app.py:register_remote_handler()] - Registering HTTP endpoint: (GET POST) /printer/motion_report/dump_trapq
2023-10-17 15:04:04,185 [websockets.py:register_api_handler()] - Registering Websocket JSON-RPC methods: printer.motion_report.dump_trapq
2023-10-17 15:04:04,432 [job_state.py:_handle_started()] - Job state initialized: standby
2023-10-17 15:04:04,700 [klippy_connection.py:_check_ready()] - Klippy ready
2023-10-17 15:04:04,729 [shell_command.py:_check_proc_success()] - Command (git -C /home/pi/moonraker fetch origin --prune --progress) successfully finished
2023-10-17 15:04:04,741 [shell_command.py:_check_proc_success()] - Command (git -C /home/pi/moonraker merge-base --is-ancestor HEAD origin/master) successfully finished
2023-10-17 15:04:04,752 [shell_command.py:_check_proc_success()] - Command (git -C /home/pi/moonraker rev-parse HEAD) successfully finished
2023-10-17 15:04:04,771 [shell_command.py:_check_proc_success()] - Command (git -C /home/pi/moonraker describe --always --tags --long --dirty --abbrev=8) successfully finished
2023-10-17 15:04:04,781 [shell_command.py:_check_proc_success()] - Command (git -C /home/pi/moonraker rev-parse origin/master) successfully finished
2023-10-17 15:04:04,800 [shell_command.py:_check_proc_success()] - Command (git -C /home/pi/moonraker describe origin/master --always --tags --long --abbrev=8) successfully finished
2023-10-17 15:04:04,813 [shell_command.py:_check_proc_success()] - Command (git -C /home/pi/moonraker rev-list HEAD..2641fc54d6932445e54d3c2f72a74e46aaf290cf --count) successfully finished
2023-10-17 15:04:04,827 [shell_command.py:_check_proc_success()] - Command (git -C /home/pi/moonraker log ee62d07c6826ec9c39b381ee9e85249c6d753cd5..origin/master --format="sha:%H%x1Dauthor:%an%x1Ddate:%ct%x1Dsubject:%s%x1Dmessage:%b%x1E" --max-count=100) successfully finished
2023-10-17 15:04:04,881 [shell_command.py:_check_proc_success()] - Command (git -C /home/pi/moonraker for-each-ref --count=100 --sort='-creatordate' --contains=HEAD --merged=origin/master --format='%(if)%(*objecttype)%(then)%(*objecttype) %(*objectname)%(else)%(objecttype) %(objectname)%(end) %(refname)' 'refs/tags') successfully finished
2023-10-17 15:04:04,883 [git_deploy.py:log_repo_info()] - Git Repo moonraker Detected:
Owner: Arksine
Repository Name: moonraker
Path: /home/pi/moonraker
Remote: origin
Branch: master
Remote URL: https://github.com/Arksine/moonraker.git
Recovery URL: https://github.com/Arksine/moonraker.git
Current Commit SHA: ee62d07c6826ec9c39b381ee9e85249c6d753cd5
Upstream Commit SHA: 2641fc54d6932445e54d3c2f72a74e46aaf290cf
Current Version: v0.8.0-142-gee62d07c
Upstream Version: v0.8.0-186-g2641fc54
Rollback Commit: fe120952ee06607d039af8f461028e9f5b817395
Rollback Branch: master
Rollback Version: v0.8.0-138-gfe120952
Is Dirty: False
Is Detached: False
Is Shallow: False
Commits Behind Count: 44
Diverged: False
Repo Warnings:
  Repo has untracked source files: ['moonraker/components/timelapse.py']
2023-10-17 15:04:04,883 [base_deploy.py:log_info()] - Git Repo moonraker: Channel: dev
2023-10-17 15:04:04,883 [base_deploy.py:log_info()] - Git Repo moonraker: Validity check for git repo passed
2023-10-17 15:04:04,913 [shell_command.py:_check_proc_success()] - Command (git -C /home/pi/klipper status --porcelain -b) successfully finished
2023-10-17 15:04:04,934 [shell_command.py:_check_proc_success()] - Command (git -C /home/pi/klipper branch --list --no-color) successfully finished
2023-10-17 15:04:04,953 [shell_command.py:_check_proc_success()] - Command (git -C /home/pi/klipper remote get-url origin) successfully finished
2023-10-17 15:04:05,184 [data_store.py:_init_sensors()] - Configuring available sensors: ['temperature_sensor CANBOARD', 'heater_bed', 'temperature_sensor chamber', 'temperature_sensor raspberry_pi', 'temperature_sensor mcu_temp', 'extruder']
2023-10-17 15:04:06,518 [shell_command.py:_check_proc_success()] - Command (git -C /home/pi/klipper fetch origin --prune --progress) successfully finished
2023-10-17 15:04:06,530 [shell_command.py:_check_proc_success()] - Command (git -C /home/pi/klipper merge-base --is-ancestor HEAD origin/master) successfully finished
2023-10-17 15:04:06,540 [shell_command.py:_check_proc_success()] - Command (git -C /home/pi/klipper rev-parse HEAD) successfully finished
2023-10-17 15:04:06,637 [shell_command.py:_check_proc_success()] - Command (git -C /home/pi/klipper describe --always --tags --long --dirty --abbrev=8) successfully finished
2023-10-17 15:04:06,648 [shell_command.py:_check_proc_success()] - Command (git -C /home/pi/klipper rev-parse origin/master) successfully finished
2023-10-17 15:04:06,739 [shell_command.py:_check_proc_success()] - Command (git -C /home/pi/klipper describe origin/master --always --tags --long --abbrev=8) successfully finished
2023-10-17 15:04:06,751 [shell_command.py:_check_proc_success()] - Command (git -C /home/pi/klipper rev-list HEAD..b1f597c550dc90386f417a2d3b4fc35b4189c902 --count) successfully finished
2023-10-17 15:04:06,764 [shell_command.py:_check_proc_success()] - Command (git -C /home/pi/klipper log 83ef0e135ef820f73c8579069c347953b9d6d56e..origin/master --format="sha:%H%x1Dauthor:%an%x1Ddate:%ct%x1Dsubject:%s%x1Dmessage:%b%x1E" --max-count=100) successfully finished
2023-10-17 15:04:06,871 [shell_command.py:_check_proc_success()] - Command (git -C /home/pi/klipper for-each-ref --count=100 --sort='-creatordate' --contains=HEAD --merged=origin/master --format='%(if)%(*objecttype)%(then)%(*objecttype) %(*objectname)%(else)%(objecttype) %(objectname)%(end) %(refname)' 'refs/tags') successfully finished
2023-10-17 15:04:06,871 [git_deploy.py:log_repo_info()] - Git Repo klipper Detected:
Owner: Klipper3d
Repository Name: klipper
Path: /home/pi/klipper
Remote: origin
Branch: master
Remote URL: https://github.com/Klipper3d/klipper.git
Recovery URL: https://github.com/Klipper3d/klipper.git
Current Commit SHA: 83ef0e135ef820f73c8579069c347953b9d6d56e
Upstream Commit SHA: b1f597c550dc90386f417a2d3b4fc35b4189c902
Current Version: v0.11.0-295-g83ef0e13
Upstream Version: v0.11.0-299-gb1f597c5
Rollback Commit: 21b784297916ac31b0e83161976effea048b53cb
Rollback Branch: master
Rollback Version: v0.11.0-277-g21b78429
Is Dirty: False
Is Detached: False
Is Shallow: False
Commits Behind Count: 4
Diverged: False
2023-10-17 15:04:06,872 [base_deploy.py:log_info()] - Git Repo klipper: Channel: dev
2023-10-17 15:04:06,872 [base_deploy.py:log_info()] - Git Repo klipper: Validity check for git repo passed
2023-10-17 15:04:07,133 [web_deploy.py:_log_client_info()] - Web Client mainsail Detected:
Repo: mainsail-crew/mainsail
Channel: stable
Path: /home/pi/mainsail
Local Version: v2.7.1
Remote Version: v2.8.0
Valid: True
Fallback Client Detected: False
Pre-release: False
Download Url: https://github.com/mainsail-crew/mainsail/releases/download/v2.8.0/mainsail.zip
Download Size: 2147663
Content Type: application/zip
Rollback Version: v2.6.2
Rollback Repo: mainsail-crew/mainsail
2023-10-17 15:04:07,153 [shell_command.py:_check_proc_success()] - Command (git -C /home/pi/mainsail-config status --porcelain -b) successfully finished
2023-10-17 15:04:07,172 [shell_command.py:_check_proc_success()] - Command (git -C /home/pi/mainsail-config branch --list --no-color) successfully finished
2023-10-17 15:04:07,192 [shell_command.py:_check_proc_success()] - Command (git -C /home/pi/mainsail-config remote get-url origin) successfully finished
2023-10-17 15:04:07,718 [shell_command.py:_check_proc_success()] - Command (git -C /home/pi/mainsail-config fetch origin --prune --progress) successfully finished
2023-10-17 15:04:07,729 [shell_command.py:_check_proc_success()] - Command (git -C /home/pi/mainsail-config merge-base --is-ancestor HEAD origin/master) successfully finished
2023-10-17 15:04:07,739 [shell_command.py:_check_proc_success()] - Command (git -C /home/pi/mainsail-config rev-parse HEAD) successfully finished
2023-10-17 15:04:07,752 [shell_command.py:_check_proc_success()] - Command (git -C /home/pi/mainsail-config describe --always --tags --long --dirty --abbrev=8) successfully finished
2023-10-17 15:04:07,762 [shell_command.py:_check_proc_success()] - Command (git -C /home/pi/mainsail-config rev-parse origin/master) successfully finished
2023-10-17 15:04:07,774 [shell_command.py:_check_proc_success()] - Command (git -C /home/pi/mainsail-config describe origin/master --always --tags --long --abbrev=8) successfully finished
2023-10-17 15:04:07,786 [shell_command.py:_check_proc_success()] - Command (git -C /home/pi/mainsail-config rev-list HEAD..c64d3af97a277ffdf607a398cc838991bcda069b --count) successfully finished
2023-10-17 15:04:07,787 [git_deploy.py:log_repo_info()] - Git Repo mainsail-config Detected:
Owner: mainsail-crew
Repository Name: mainsail-config
Path: /home/pi/mainsail-config
Remote: origin
Branch: master
Remote URL: https://github.com/mainsail-crew/mainsail-config.git
Recovery URL: https://github.com/mainsail-crew/mainsail-config.git
Current Commit SHA: c64d3af97a277ffdf607a398cc838991bcda069b
Upstream Commit SHA: c64d3af97a277ffdf607a398cc838991bcda069b
Current Version: v1.0.0-16-gc64d3af9
Upstream Version: v1.0.0-16-gc64d3af9
Rollback Commit: e954ed17009461dfef3818f993bcefb7e541822b
Rollback Branch: master
Rollback Version: v1.0.0-14-ge954ed17
Is Dirty: False
Is Detached: False
Is Shallow: False
Commits Behind Count: 0
Diverged: False
2023-10-17 15:04:07,787 [base_deploy.py:log_info()] - Git Repo mainsail-config: Channel: dev
2023-10-17 15:04:07,787 [base_deploy.py:log_info()] - Git Repo mainsail-config: Validity check for git repo passed
2023-10-17 15:04:07,807 [shell_command.py:_check_proc_success()] - Command (git -C /home/pi/crowsnest status --porcelain -b) successfully finished
2023-10-17 15:04:07,827 [shell_command.py:_check_proc_success()] - Command (git -C /home/pi/crowsnest branch --list --no-color) successfully finished
2023-10-17 15:04:07,847 [shell_command.py:_check_proc_success()] - Command (git -C /home/pi/crowsnest remote get-url origin) successfully finished
2023-10-17 15:04:08,444 [shell_command.py:_check_proc_success()] - Command (git -C /home/pi/crowsnest fetch origin --prune --progress) successfully finished
2023-10-17 15:04:08,464 [shell_command.py:_check_proc_success()] - Command (git -C /home/pi/crowsnest merge-base --is-ancestor HEAD origin/master) successfully finished
2023-10-17 15:04:08,480 [shell_command.py:_check_proc_success()] - Command (git -C /home/pi/crowsnest rev-parse HEAD) successfully finished
2023-10-17 15:04:08,501 [shell_command.py:_check_proc_success()] - Command (git -C /home/pi/crowsnest describe --always --tags --long --dirty --abbrev=8) successfully finished
2023-10-17 15:04:08,514 [shell_command.py:_check_proc_success()] - Command (git -C /home/pi/crowsnest rev-parse origin/master) successfully finished
2023-10-17 15:04:08,534 [shell_command.py:_check_proc_success()] - Command (git -C /home/pi/crowsnest describe origin/master --always --tags --long --abbrev=8) successfully finished
2023-10-17 15:04:08,550 [shell_command.py:_check_proc_success()] - Command (git -C /home/pi/crowsnest rev-list HEAD..767c53aaf0aaf3b803e36d5e506230f0e79c8a04 --count) successfully finished
2023-10-17 15:04:08,552 [git_deploy.py:log_repo_info()] - Git Repo crowsnest Detected:
Owner: mainsail-crew
Repository Name: crowsnest
Path: /home/pi/crowsnest
Remote: origin
Branch: master
Remote URL: https://github.com/mainsail-crew/crowsnest.git
Recovery URL: https://github.com/mainsail-crew/crowsnest.git
Current Commit SHA: 767c53aaf0aaf3b803e36d5e506230f0e79c8a04
Upstream Commit SHA: 767c53aaf0aaf3b803e36d5e506230f0e79c8a04
Current Version: v4.0.4-6-g767c53aa
Upstream Version: v4.0.4-6-g767c53aa
Rollback Commit: c9bc30414e10e0fadf20e379b614b28869783c22
Rollback Branch: master
Rollback Version: v4.0.4-0-gc9bc3041
Is Dirty: False
Is Detached: False
Is Shallow: False
Commits Behind Count: 0
Diverged: False
2023-10-17 15:04:08,552 [base_deploy.py:log_info()] - Git Repo crowsnest: Channel: dev
2023-10-17 15:04:08,552 [base_deploy.py:log_info()] - Git Repo crowsnest: Validity check for git repo passed
2023-10-17 15:04:08,572 [shell_command.py:_check_proc_success()] - Command (git -C /home/pi/sonar status --porcelain -b) successfully finished
2023-10-17 15:04:08,593 [shell_command.py:_check_proc_success()] - Command (git -C /home/pi/sonar branch --list --no-color) successfully finished
2023-10-17 15:04:08,614 [shell_command.py:_check_proc_success()] - Command (git -C /home/pi/sonar remote get-url origin) successfully finished
2023-10-17 15:04:09,149 [shell_command.py:_check_proc_success()] - Command (git -C /home/pi/sonar fetch origin --prune --progress) successfully finished
2023-10-17 15:04:09,160 [shell_command.py:_check_proc_success()] - Command (git -C /home/pi/sonar merge-base --is-ancestor HEAD origin/main) successfully finished
2023-10-17 15:04:09,170 [shell_command.py:_check_proc_success()] - Command (git -C /home/pi/sonar rev-parse HEAD) successfully finished
2023-10-17 15:04:09,182 [shell_command.py:_check_proc_success()] - Command (git -C /home/pi/sonar describe --always --tags --long --dirty --abbrev=8) successfully finished
2023-10-17 15:04:09,193 [shell_command.py:_check_proc_success()] - Command (git -C /home/pi/sonar rev-parse origin/main) successfully finished
2023-10-17 15:04:09,204 [shell_command.py:_check_proc_success()] - Command (git -C /home/pi/sonar describe origin/main --always --tags --long --abbrev=8) successfully finished
2023-10-17 15:04:09,215 [shell_command.py:_check_proc_success()] - Command (git -C /home/pi/sonar rev-list HEAD..7962a1225ad88fa2a642ae2b378637491b4b2710 --count) successfully finished
2023-10-17 15:04:09,216 [git_deploy.py:log_repo_info()] - Git Repo sonar Detected:
Owner: mainsail-crew
Repository Name: sonar
Path: /home/pi/sonar
Remote: origin
Branch: main
Remote URL: https://github.com/mainsail-crew/sonar.git
Recovery URL: https://github.com/mainsail-crew/sonar.git
Current Commit SHA: 7962a1225ad88fa2a642ae2b378637491b4b2710
Upstream Commit SHA: 7962a1225ad88fa2a642ae2b378637491b4b2710
Current Version: v0.1.2-0-g7962a122
Upstream Version: v0.1.2-0-g7962a122
Rollback Commit: 7962a1225ad88fa2a642ae2b378637491b4b2710
Rollback Branch: main
Rollback Version: v0.1.2-0-g7962a12
Is Dirty: False
Is Detached: False
Is Shallow: False
Commits Behind Count: 0
Diverged: False
2023-10-17 15:04:09,216 [base_deploy.py:log_info()] - Git Repo sonar: Channel: dev
2023-10-17 15:04:09,216 [base_deploy.py:log_info()] - Git Repo sonar: Validity check for git repo passed
2023-10-17 15:04:09,245 [shell_command.py:_check_proc_success()] - Command (git -C /home/pi/Klipper-Adaptive-Meshing-Purging status --porcelain -b) successfully finished
2023-10-17 15:04:09,265 [shell_command.py:_check_proc_success()] - Command (git -C /home/pi/Klipper-Adaptive-Meshing-Purging branch --list --no-color) successfully finished
2023-10-17 15:04:09,284 [shell_command.py:_check_proc_success()] - Command (git -C /home/pi/Klipper-Adaptive-Meshing-Purging remote get-url origin) successfully finished
2023-10-17 15:04:10,007 [shell_command.py:_check_proc_success()] - Command (git -C /home/pi/Klipper-Adaptive-Meshing-Purging fetch origin --prune --progress) successfully finished
2023-10-17 15:04:10,018 [shell_command.py:_check_proc_success()] - Command (git -C /home/pi/Klipper-Adaptive-Meshing-Purging merge-base --is-ancestor HEAD origin/main) successfully finished
2023-10-17 15:04:10,028 [shell_command.py:_check_proc_success()] - Command (git -C /home/pi/Klipper-Adaptive-Meshing-Purging rev-parse HEAD) successfully finished
2023-10-17 15:04:10,042 [shell_command.py:_check_proc_success()] - Command (git -C /home/pi/Klipper-Adaptive-Meshing-Purging describe --always --tags --long --dirty --abbrev=8) successfully finished
2023-10-17 15:04:10,052 [shell_command.py:_check_proc_success()] - Command (git -C /home/pi/Klipper-Adaptive-Meshing-Purging rev-parse origin/main) successfully finished
2023-10-17 15:04:10,065 [shell_command.py:_check_proc_success()] - Command (git -C /home/pi/Klipper-Adaptive-Meshing-Purging describe origin/main --always --tags --long --abbrev=8) successfully finished
2023-10-17 15:04:10,077 [shell_command.py:_check_proc_success()] - Command (git -C /home/pi/Klipper-Adaptive-Meshing-Purging rev-list HEAD..2389a9949ddc9a0937e402c37b779d35f0a9583f --count) successfully finished
2023-10-17 15:04:10,090 [shell_command.py:_check_proc_success()] - Command (git -C /home/pi/Klipper-Adaptive-Meshing-Purging log c7b4b45ecb6b4f1b9b1f16dd5f7f425b9198a6f3..origin/main --format="sha:%H%x1Dauthor:%an%x1Ddate:%ct%x1Dsubject:%s%x1Dmessage:%b%x1E" --max-count=100) successfully finished
2023-10-17 15:04:10,103 [shell_command.py:_check_proc_success()] - Command (git -C /home/pi/Klipper-Adaptive-Meshing-Purging for-each-ref --count=100 --sort='-creatordate' --contains=HEAD --merged=origin/main --format='%(if)%(*objecttype)%(then)%(*objecttype) %(*objectname)%(else)%(objecttype) %(objectname)%(end) %(refname)' 'refs/tags') successfully finished
2023-10-17 15:04:10,104 [git_deploy.py:log_repo_info()] - Git Repo Klipper-Adaptive-Meshing-Purging Detected:
Owner: kyleisah
Repository Name: Klipper-Adaptive-Meshing-Purging
Path: /home/pi/Klipper-Adaptive-Meshing-Purging
Remote: origin
Branch: main
Remote URL: https://github.com/kyleisah/Klipper-Adaptive-Meshing-Purging.git
Recovery URL: https://github.com/kyleisah/Klipper-Adaptive-Meshing-Purging.git
Current Commit SHA: c7b4b45ecb6b4f1b9b1f16dd5f7f425b9198a6f3
Upstream Commit SHA: 2389a9949ddc9a0937e402c37b779d35f0a9583f
Current Version: v1.1.2-3-gc7b4b45e
Upstream Version: v1.1.2-4-g2389a994
Rollback Commit: 2658bf7eb8feba6e3df63f13968e7361db674448
Rollback Branch: main
Rollback Version: v1.1.2-1-g2658bf7e
Is Dirty: False
Is Detached: False
Is Shallow: False
Commits Behind Count: 1
Diverged: False
2023-10-17 15:04:10,104 [base_deploy.py:log_info()] - Git Repo Klipper-Adaptive-Meshing-Purging: Channel: dev
2023-10-17 15:04:10,104 [base_deploy.py:log_info()] - Git Repo Klipper-Adaptive-Meshing-Purging: Validity check for git repo passed
2023-10-17 16:37:32,829 [server.py:_handle_term_signal()] - Exiting with signal SIGTERM
2023-10-17 16:37:32,932 [klippy_connection.py:_on_connection_closed()] - Klippy Connection Removed
2023-10-17 16:37:32,944 [database.py:close()] - Database statistics:

announcements:
psize: 4096
depth: 0
branch_pages: 0
leaf_pages: 0
overflow_pages: 0
entries: 0
authorized_users:
psize: 4096
depth: 1
branch_pages: 0
leaf_pages: 1
overflow_pages: 0
entries: 1
gcode_metadata:
psize: 4096
depth: 1
branch_pages: 0
leaf_pages: 1
overflow_pages: 0
entries: 1
history:
psize: 4096
depth: 2
branch_pages: 1
leaf_pages: 149
overflow_pages: 0
entries: 337
mainsail:
psize: 4096
depth: 2
branch_pages: 1
leaf_pages: 2
overflow_pages: 1
entries: 11
moonraker:
psize: 4096
depth: 1
branch_pages: 0
leaf_pages: 1
overflow_pages: 0
entries: 7
update_manager:
psize: 4096
depth: 2
branch_pages: 1
leaf_pages: 3
overflow_pages: 4
entries: 8
2023-10-17 16:37:33,016 [server.py:main()] - Server Shutdown
-------------------- Log Start | Tue Oct 17 15:38:21 2023 --------------------
data_path: /home/pi/printer_data
is_default_data_path: False
config_file: /home/pi/printer_data/config/moonraker.conf
startup_warnings: []
verbose: False
debug: False
asyncio_debug: False
is_backup_config: False
is_python_package: True
instance_uuid: 95678622bc764a34a0bfdc9388ec936a
unix_socket_path: /home/pi/printer_data/comms/moonraker.sock
software_version: v0.8.0-142-gee62d07
git_branch: master
git_remote: origin
git_repo_url: https://github.com/Arksine/moonraker.git
modified_files: []
unofficial_components: []
log_file: /home/pi/printer_data/logs/moonraker.log
python_version: 3.9.2 (default, Mar 12 2021, 04:06:34)  [GCC 10.2.1 20210110]
2023-10-17 16:38:21,027 [confighelper.py:read_file()] - Configuration File '/home/pi/printer_data/config/moonraker.conf' parsed, total size: 2415 B
2023-10-17 16:38:21,027 [server.py:add_log_rollover_item()] - 
#################### Moonraker Configuration ####################

[server]
host = 0.0.0.0
port = 7125
max_upload_size = 1024
klippy_uds_address = ~/printer_data/comms/klippy.sock

[file_manager]
enable_object_processing = False

[authorization]
cors_domains = 
	https://my.mainsail.xyz
	http://my.mainsail.xyz
	http://*.local
	http://*.lan
trusted_clients = 
	10.0.0.0/8
	127.0.0.0/8
	169.254.0.0/16
	172.16.0.0/12
	192.168.0.0/16
	FE80::/10
	::1/128

[octoprint_compat]

[history]

[announcements]
subscriptions = 
	mainsail

[update_manager]
refresh_interval = 168
enable_auto_refresh = True

[update_manager mainsail]
type = web
channel = stable
repo = mainsail-crew/mainsail
path = ~/mainsail

[update_manager mainsail-config]
type = git_repo
primary_branch = master
path = ~/mainsail-config
origin = https://github.com/mainsail-crew/mainsail-config.git
managed_services = klipper

[update_manager crowsnest]
type = git_repo
path = ~/crowsnest
origin = https://github.com/mainsail-crew/crowsnest.git
managed_services = crowsnest
install_script = tools/install.sh

[update_manager sonar]
type = git_repo
path = ~/sonar
origin = https://github.com/mainsail-crew/sonar.git
primary_branch = main
managed_services = sonar
install_script = tools/install.sh

[update_manager Klipper-Adaptive-Meshing-Purging]
type = git_repo
channel = dev
path = ~/Klipper-Adaptive-Meshing-Purging
origin = https://github.com/kyleisah/Klipper-Adaptive-Meshing-Purging.git
managed_services = klipper
primary_branch = main

#################################################################
All Configuration Files:
/home/pi/printer_data/config/moonraker.conf
#################################################################
2023-10-17 16:38:21,042 [app.py:register_local_handler()] - Registering HTTP Endpoint: (POST) /server/logs/rollover
2023-10-17 16:38:21,043 [websockets.py:register_api_handler()] - Registering Websocket JSON-RPC methods: server.logs.rollover
2023-10-17 16:38:21,043 [app.py:register_local_handler()] - Registering HTTP Endpoint: (GET) /server/info
2023-10-17 16:38:21,043 [websockets.py:register_api_handler()] - Registering Websocket JSON-RPC methods: server.info
2023-10-17 16:38:21,043 [app.py:register_local_handler()] - Registering HTTP Endpoint: (GET) /server/config
2023-10-17 16:38:21,043 [websockets.py:register_api_handler()] - Registering Websocket JSON-RPC methods: server.config
2023-10-17 16:38:21,043 [app.py:register_local_handler()] - Registering HTTP Endpoint: (POST) /server/restart
2023-10-17 16:38:21,044 [websockets.py:register_api_handler()] - Registering Websocket JSON-RPC methods: server.restart
2023-10-17 16:38:21,082 [server.py:load_component()] - Component (dbus_manager) loaded
2023-10-17 16:38:21,088 [server.py:add_log_rollover_item()] - Unsafe Shutdown Count: 252
2023-10-17 16:38:21,095 [app.py:register_local_handler()] - Registering HTTP Endpoint: (GET) /server/database/list
2023-10-17 16:38:21,096 [websockets.py:register_api_handler()] - Registering Websocket JSON-RPC methods: server.database.list
2023-10-17 16:38:21,096 [app.py:register_local_handler()] - Registering HTTP Endpoint: (GET POST DELETE) /server/database/item
2023-10-17 16:38:21,096 [websockets.py:register_api_handler()] - Registering Websocket JSON-RPC methods: server.database.get_item, server.database.post_item, server.database.delete_item
2023-10-17 16:38:21,096 [server.py:load_component()] - Component (database) loaded
2023-10-17 16:38:21,110 [file_manager.py:__init__()] - Using File System Observer: inotify
2023-10-17 16:38:21,120 [app.py:register_local_handler()] - Registering HTTP Endpoint: (GET) /server/files/list
2023-10-17 16:38:21,120 [websockets.py:register_api_handler()] - Registering Websocket JSON-RPC methods: server.files.list
2023-10-17 16:38:21,120 [app.py:register_local_handler()] - Registering HTTP Endpoint: (GET) /server/files/metadata
2023-10-17 16:38:21,121 [websockets.py:register_api_handler()] - Registering Websocket JSON-RPC methods: server.files.metadata
2023-10-17 16:38:21,121 [app.py:register_local_handler()] - Registering HTTP Endpoint: (POST) /server/files/metascan
2023-10-17 16:38:21,121 [websockets.py:register_api_handler()] - Registering Websocket JSON-RPC methods: server.files.metascan
2023-10-17 16:38:21,121 [app.py:register_local_handler()] - Registering HTTP Endpoint: (GET) /server/files/thumbnails
2023-10-17 16:38:21,121 [websockets.py:register_api_handler()] - Registering Websocket JSON-RPC methods: server.files.thumbnails
2023-10-17 16:38:21,121 [app.py:register_local_handler()] - Registering HTTP Endpoint: (GET) /server/files/roots
2023-10-17 16:38:21,122 [websockets.py:register_api_handler()] - Registering Websocket JSON-RPC methods: server.files.roots
2023-10-17 16:38:21,122 [app.py:register_local_handler()] - Registering HTTP Endpoint: (GET POST DELETE) /server/files/directory
2023-10-17 16:38:21,122 [websockets.py:register_api_handler()] - Registering Websocket JSON-RPC methods: server.files.get_directory, server.files.post_directory, server.files.delete_directory
2023-10-17 16:38:21,122 [app.py:register_local_handler()] - Registering HTTP Endpoint: (POST) /server/files/move
2023-10-17 16:38:21,123 [websockets.py:register_api_handler()] - Registering Websocket JSON-RPC methods: server.files.move
2023-10-17 16:38:21,123 [app.py:register_local_handler()] - Registering HTTP Endpoint: (POST) /server/files/copy
2023-10-17 16:38:21,123 [websockets.py:register_api_handler()] - Registering Websocket JSON-RPC methods: server.files.copy
2023-10-17 16:38:21,123 [app.py:register_local_handler()] - Registering HTTP Endpoint: (POST) /server/files/zip
2023-10-17 16:38:21,123 [websockets.py:register_api_handler()] - Registering Websocket JSON-RPC methods: server.files.zip
2023-10-17 16:38:21,123 [websockets.py:register_api_handler()] - Registering Websocket JSON-RPC methods: server.files.delete_file
2023-10-17 16:38:21,128 [server.py:load_component()] - Component (file_manager) loaded
2023-10-17 16:38:21,130 [app.py:register_local_handler()] - Registering HTTP Endpoint: (POST) /printer/print/pause
2023-10-17 16:38:21,130 [websockets.py:register_api_handler()] - Registering Websocket JSON-RPC methods: printer.print.pause
2023-10-17 16:38:21,130 [app.py:register_local_handler()] - Registering HTTP Endpoint: (POST) /printer/print/resume
2023-10-17 16:38:21,130 [websockets.py:register_api_handler()] - Registering Websocket JSON-RPC methods: printer.print.resume
2023-10-17 16:38:21,131 [app.py:register_local_handler()] - Registering HTTP Endpoint: (POST) /printer/print/cancel
2023-10-17 16:38:21,131 [websockets.py:register_api_handler()] - Registering Websocket JSON-RPC methods: printer.print.cancel
2023-10-17 16:38:21,131 [app.py:register_local_handler()] - Registering HTTP Endpoint: (POST) /printer/print/start
2023-10-17 16:38:21,131 [websockets.py:register_api_handler()] - Registering Websocket JSON-RPC methods: printer.print.start
2023-10-17 16:38:21,131 [app.py:register_local_handler()] - Registering HTTP Endpoint: (POST) /printer/restart
2023-10-17 16:38:21,132 [websockets.py:register_api_handler()] - Registering Websocket JSON-RPC methods: printer.restart
2023-10-17 16:38:21,132 [app.py:register_local_handler()] - Registering HTTP Endpoint: (POST) /printer/firmware_restart
2023-10-17 16:38:21,132 [websockets.py:register_api_handler()] - Registering Websocket JSON-RPC methods: printer.firmware_restart
2023-10-17 16:38:21,132 [server.py:load_component()] - Component (klippy_apis) loaded
2023-10-17 16:38:21,273 [server.py:load_component()] - Component (secrets) loaded
2023-10-17 16:38:21,279 [server.py:load_component()] - Component (template) loaded
2023-10-17 16:38:21,302 [server.py:add_log_rollover_item()] - 
System Info:

***python***
  version: sys.version_info(major=3, minor=9, micro=2, releaselevel='final', serial=0)
  version_string: 3.9.2 (default, Mar 12 2021, 04:06:34)  [GCC 10.2.1 20210110]

***cpu_info***
  cpu_count: 4
  bits: 32bit
  processor: aarch64
  cpu_desc: 
  serial_number: 100000001a2f9042
  hardware_desc: BCM2835
  model: Raspberry Pi 4 Model B Rev 1.5
  total_memory: 7819948
  memory_units: kB

***sd_info***
  manufacturer_id: 1b
  manufacturer: Samsung
  oem_id: 534d
  product_name: EFAQK
  product_revision: 3.0
  serial_number: 1c5955ac
  manufacturer_date: 9/2020
  capacity: 476.9 GiB
  total_bytes: 512074186752

***distribution***
  name: Raspbian GNU/Linux 11 (bullseye)
  id: raspbian
  version: 11
  version_parts: {'major': '11', 'minor': '', 'build_number': ''}
  like: debian
  codename: bullseye
  release_info: {'name': 'MainsailOS', 'version_id': '1.1.1', 'codename': 'bullseye', 'id': 'mainsailos'}

***virtualization***
  virt_type: none
  virt_identifier: none

***network***

***canbus***

***Allowed Services***
  klipper_mcu
  webcamd
  MoonCord
  KlipperScreen
  moonraker-telegram-bot
  moonraker-obico
  sonar
  crowsnest
  octoeverywhere
  ratos-configurator
2023-10-17 16:38:21,304 [server.py:load_component()] - Component (shell_command) loaded
2023-10-17 16:38:21,304 [machine.py:__init__()] - Using System Provider: systemd_dbus
2023-10-17 16:38:21,305 [app.py:register_local_handler()] - Registering HTTP Endpoint: (POST) /machine/reboot
2023-10-17 16:38:21,306 [websockets.py:register_api_handler()] - Registering Websocket JSON-RPC methods: machine.reboot
2023-10-17 16:38:21,306 [app.py:register_local_handler()] - Registering HTTP Endpoint: (POST) /machine/shutdown
2023-10-17 16:38:21,306 [websockets.py:register_api_handler()] - Registering Websocket JSON-RPC methods: machine.shutdown
2023-10-17 16:38:21,306 [app.py:register_local_handler()] - Registering HTTP Endpoint: (POST) /machine/services/restart
2023-10-17 16:38:21,307 [websockets.py:register_api_handler()] - Registering Websocket JSON-RPC methods: machine.services.restart
2023-10-17 16:38:21,307 [app.py:register_local_handler()] - Registering HTTP Endpoint: (POST) /machine/services/stop
2023-10-17 16:38:21,307 [websockets.py:register_api_handler()] - Registering Websocket JSON-RPC methods: machine.services.stop
2023-10-17 16:38:21,307 [app.py:register_local_handler()] - Registering HTTP Endpoint: (POST) /machine/services/start
2023-10-17 16:38:21,308 [websockets.py:register_api_handler()] - Registering Websocket JSON-RPC methods: machine.services.start
2023-10-17 16:38:21,308 [app.py:register_local_handler()] - Registering HTTP Endpoint: (GET) /machine/system_info
2023-10-17 16:38:21,308 [websockets.py:register_api_handler()] - Registering Websocket JSON-RPC methods: machine.system_info
2023-10-17 16:38:21,308 [app.py:register_local_handler()] - Registering HTTP Endpoint: (GET) /machine/sudo/info
2023-10-17 16:38:21,309 [websockets.py:register_api_handler()] - Registering Websocket JSON-RPC methods: machine.sudo.info
2023-10-17 16:38:21,309 [app.py:register_local_handler()] - Registering HTTP Endpoint: (POST) /machine/sudo/password
2023-10-17 16:38:21,309 [websockets.py:register_api_handler()] - Registering Websocket JSON-RPC methods: machine.sudo.password
2023-10-17 16:38:21,310 [server.py:load_component()] - Component (machine) loaded
2023-10-17 16:38:21,312 [app.py:register_local_handler()] - Registering HTTP Endpoint: (GET) /server/temperature_store
2023-10-17 16:38:21,313 [websockets.py:register_api_handler()] - Registering Websocket JSON-RPC methods: server.temperature_store
2023-10-17 16:38:21,313 [app.py:register_local_handler()] - Registering HTTP Endpoint: (GET) /server/gcode_store
2023-10-17 16:38:21,313 [websockets.py:register_api_handler()] - Registering Websocket JSON-RPC methods: server.gcode_store
2023-10-17 16:38:21,313 [server.py:load_component()] - Component (data_store) loaded
2023-10-17 16:38:21,315 [proc_stats.py:__init__()] - Detected 'vcgencmd', throttle checking enabled
2023-10-17 16:38:21,316 [app.py:register_local_handler()] - Registering HTTP Endpoint: (GET) /machine/proc_stats
2023-10-17 16:38:21,317 [websockets.py:register_api_handler()] - Registering Websocket JSON-RPC methods: machine.proc_stats
2023-10-17 16:38:21,317 [server.py:load_component()] - Component (proc_stats) loaded
2023-10-17 16:38:21,318 [server.py:load_component()] - Component (job_state) loaded
2023-10-17 16:38:21,320 [app.py:register_local_handler()] - Registering HTTP Endpoint: (POST DELETE) /server/job_queue/job
2023-10-17 16:38:21,321 [websockets.py:register_api_handler()] - Registering Websocket JSON-RPC methods: server.job_queue.post_job, server.job_queue.delete_job
2023-10-17 16:38:21,321 [app.py:register_local_handler()] - Registering HTTP Endpoint: (POST) /server/job_queue/pause
2023-10-17 16:38:21,322 [websockets.py:register_api_handler()] - Registering Websocket JSON-RPC methods: server.job_queue.pause
2023-10-17 16:38:21,322 [app.py:register_local_handler()] - Registering HTTP Endpoint: (POST) /server/job_queue/start
2023-10-17 16:38:21,322 [websockets.py:register_api_handler()] - Registering Websocket JSON-RPC methods: server.job_queue.start
2023-10-17 16:38:21,322 [app.py:register_local_handler()] - Registering HTTP Endpoint: (GET) /server/job_queue/status
2023-10-17 16:38:21,322 [websockets.py:register_api_handler()] - Registering Websocket JSON-RPC methods: server.job_queue.status
2023-10-17 16:38:21,322 [app.py:register_local_handler()] - Registering HTTP Endpoint: (POST) /server/job_queue/jump
2023-10-17 16:38:21,323 [websockets.py:register_api_handler()] - Registering Websocket JSON-RPC methods: server.job_queue.jump
2023-10-17 16:38:21,323 [server.py:load_component()] - Component (job_queue) loaded
2023-10-17 16:38:21,330 [server.py:load_component()] - Component (http_client) loaded
2023-10-17 16:38:21,332 [app.py:register_local_handler()] - Registering HTTP Endpoint: (GET) /server/announcements/list
2023-10-17 16:38:21,332 [websockets.py:register_api_handler()] - Registering Websocket JSON-RPC methods: server.announcements.list
2023-10-17 16:38:21,332 [app.py:register_local_handler()] - Registering HTTP Endpoint: (POST) /server/announcements/dismiss
2023-10-17 16:38:21,333 [websockets.py:register_api_handler()] - Registering Websocket JSON-RPC methods: server.announcements.dismiss
2023-10-17 16:38:21,333 [app.py:register_local_handler()] - Registering HTTP Endpoint: (POST) /server/announcements/update
2023-10-17 16:38:21,333 [websockets.py:register_api_handler()] - Registering Websocket JSON-RPC methods: server.announcements.update
2023-10-17 16:38:21,333 [app.py:register_local_handler()] - Registering HTTP Endpoint: (POST DELETE) /server/announcements/feed
2023-10-17 16:38:21,334 [websockets.py:register_api_handler()] - Registering Websocket JSON-RPC methods: server.announcements.post_feed, server.announcements.delete_feed
2023-10-17 16:38:21,334 [app.py:register_local_handler()] - Registering HTTP Endpoint: (GET) /server/announcements/feeds
2023-10-17 16:38:21,334 [websockets.py:register_api_handler()] - Registering Websocket JSON-RPC methods: server.announcements.feeds
2023-10-17 16:38:21,334 [server.py:load_component()] - Component (announcements) loaded
2023-10-17 16:38:21,336 [app.py:register_local_handler()] - Registering HTTP Endpoint: (GET) /server/webcams/list
2023-10-17 16:38:21,337 [websockets.py:register_api_handler()] - Registering Websocket JSON-RPC methods: server.webcams.list
2023-10-17 16:38:21,337 [app.py:register_local_handler()] - Registering HTTP Endpoint: (GET POST DELETE) /server/webcams/item
2023-10-17 16:38:21,337 [websockets.py:register_api_handler()] - Registering Websocket JSON-RPC methods: server.webcams.get_item, server.webcams.post_item, server.webcams.delete_item
2023-10-17 16:38:21,337 [app.py:register_local_handler()] - Registering HTTP Endpoint: (POST) /server/webcams/test
2023-10-17 16:38:21,337 [websockets.py:register_api_handler()] - Registering Websocket JSON-RPC methods: server.webcams.test
2023-10-17 16:38:21,338 [server.py:load_component()] - Component (webcam) loaded
2023-10-17 16:38:21,339 [websockets.py:register_api_handler()] - Registering Websocket JSON-RPC methods: connection.send_event
2023-10-17 16:38:21,339 [app.py:register_local_handler()] - Registering HTTP Endpoint: (GET) /server/extensions/list
2023-10-17 16:38:21,340 [websockets.py:register_api_handler()] - Registering Websocket JSON-RPC methods: server.extensions.list
2023-10-17 16:38:21,340 [app.py:register_local_handler()] - Registering HTTP Endpoint: (POST) /server/extensions/request
2023-10-17 16:38:21,340 [websockets.py:register_api_handler()] - Registering Websocket JSON-RPC methods: server.extensions.request
2023-10-17 16:38:21,340 [server.py:load_component()] - Component (extensions) loaded
2023-10-17 16:38:21,357 [authorization.py:__init__()] - Authorization Configuration Loaded
Trusted Clients:
10.0.0.0/8
127.0.0.0/8
169.254.0.0/16
172.16.0.0/12
192.168.0.0/16
fe80::/10
::1/128
CORS Domains:
https://my\.mainsail\.xyz
http://my\.mainsail\.xyz
http://.*\.local
http://.*\.lan
2023-10-17 16:38:21,357 [app.py:register_local_handler()] - Registering HTTP Endpoint: (POST) /access/login
2023-10-17 16:38:21,357 [websockets.py:register_api_handler()] - Registering Websocket JSON-RPC methods: access.login
2023-10-17 16:38:21,357 [app.py:register_local_handler()] - Registering HTTP Endpoint: (POST) /access/logout
2023-10-17 16:38:21,358 [websockets.py:register_api_handler()] - Registering Websocket JSON-RPC methods: access.logout
2023-10-17 16:38:21,358 [app.py:register_local_handler()] - Registering HTTP Endpoint: (POST) /access/refresh_jwt
2023-10-17 16:38:21,358 [websockets.py:register_api_handler()] - Registering Websocket JSON-RPC methods: access.refresh_jwt
2023-10-17 16:38:21,358 [app.py:register_local_handler()] - Registering HTTP Endpoint: (GET POST DELETE) /access/user
2023-10-17 16:38:21,358 [websockets.py:register_api_handler()] - Registering Websocket JSON-RPC methods: access.get_user, access.post_user, access.delete_user
2023-10-17 16:38:21,358 [app.py:register_local_handler()] - Registering HTTP Endpoint: (GET) /access/users/list
2023-10-17 16:38:21,359 [websockets.py:register_api_handler()] - Registering Websocket JSON-RPC methods: access.users.list
2023-10-17 16:38:21,359 [app.py:register_local_handler()] - Registering HTTP Endpoint: (POST) /access/user/password
2023-10-17 16:38:21,359 [websockets.py:register_api_handler()] - Registering Websocket JSON-RPC methods: access.user.password
2023-10-17 16:38:21,359 [app.py:register_local_handler()] - Registering HTTP Endpoint: (GET POST) /access/api_key
2023-10-17 16:38:21,359 [websockets.py:register_api_handler()] - Registering Websocket JSON-RPC methods: access.get_api_key, access.post_api_key
2023-10-17 16:38:21,359 [app.py:register_local_handler()] - Registering HTTP Endpoint: (GET) /access/oneshot_token
2023-10-17 16:38:21,360 [websockets.py:register_api_handler()] - Registering Websocket JSON-RPC methods: access.oneshot_token
2023-10-17 16:38:21,360 [app.py:register_local_handler()] - Registering HTTP Endpoint: (GET) /access/info
2023-10-17 16:38:21,360 [websockets.py:register_api_handler()] - Registering Websocket JSON-RPC methods: access.info
2023-10-17 16:38:21,360 [server.py:load_component()] - Component (authorization) loaded
2023-10-17 16:38:21,363 [app.py:register_local_handler()] - Registering HTTP Endpoint: (GET DELETE) /server/history/job
2023-10-17 16:38:21,363 [websockets.py:register_api_handler()] - Registering Websocket JSON-RPC methods: server.history.get_job, server.history.delete_job
2023-10-17 16:38:21,363 [app.py:register_local_handler()] - Registering HTTP Endpoint: (GET) /server/history/list
2023-10-17 16:38:21,364 [websockets.py:register_api_handler()] - Registering Websocket JSON-RPC methods: server.history.list
2023-10-17 16:38:21,364 [app.py:register_local_handler()] - Registering HTTP Endpoint: (GET) /server/history/totals
2023-10-17 16:38:21,364 [websockets.py:register_api_handler()] - Registering Websocket JSON-RPC methods: server.history.totals
2023-10-17 16:38:21,364 [app.py:register_local_handler()] - Registering HTTP Endpoint: (POST) /server/history/reset_totals
2023-10-17 16:38:21,365 [websockets.py:register_api_handler()] - Registering Websocket JSON-RPC methods: server.history.reset_totals
2023-10-17 16:38:21,369 [server.py:load_component()] - Component (history) loaded
2023-10-17 16:38:21,407 [base_deploy.py:log_info()] - Git Repo moonraker: Detected virtualenv: /home/pi/moonraker-env
2023-10-17 16:38:21,409 [base_deploy.py:log_info()] - Git Repo klipper: Detected virtualenv: /home/pi/klippy-env
2023-10-17 16:38:21,416 [app.py:register_local_handler()] - Registering HTTP Endpoint: (POST) /machine/update/moonraker
2023-10-17 16:38:21,416 [websockets.py:register_api_handler()] - Registering Websocket JSON-RPC methods: machine.update.moonraker
2023-10-17 16:38:21,416 [app.py:register_local_handler()] - Registering HTTP Endpoint: (POST) /machine/update/klipper
2023-10-17 16:38:21,417 [websockets.py:register_api_handler()] - Registering Websocket JSON-RPC methods: machine.update.klipper
2023-10-17 16:38:21,417 [app.py:register_local_handler()] - Registering HTTP Endpoint: (POST) /machine/update/system
2023-10-17 16:38:21,417 [websockets.py:register_api_handler()] - Registering Websocket JSON-RPC methods: machine.update.system
2023-10-17 16:38:21,417 [app.py:register_local_handler()] - Registering HTTP Endpoint: (POST) /machine/update/client
2023-10-17 16:38:21,417 [websockets.py:register_api_handler()] - Registering Websocket JSON-RPC methods: machine.update.client
2023-10-17 16:38:21,417 [app.py:register_local_handler()] - Registering HTTP Endpoint: (POST) /machine/update/full
2023-10-17 16:38:21,418 [websockets.py:register_api_handler()] - Registering Websocket JSON-RPC methods: machine.update.full
2023-10-17 16:38:21,418 [app.py:register_local_handler()] - Registering HTTP Endpoint: (GET) /machine/update/status
2023-10-17 16:38:21,418 [websockets.py:register_api_handler()] - Registering Websocket JSON-RPC methods: machine.update.status
2023-10-17 16:38:21,418 [app.py:register_local_handler()] - Registering HTTP Endpoint: (POST) /machine/update/refresh
2023-10-17 16:38:21,418 [websockets.py:register_api_handler()] - Registering Websocket JSON-RPC methods: machine.update.refresh
2023-10-17 16:38:21,419 [app.py:register_local_handler()] - Registering HTTP Endpoint: (POST) /machine/update/recover
2023-10-17 16:38:21,419 [websockets.py:register_api_handler()] - Registering Websocket JSON-RPC methods: machine.update.recover
2023-10-17 16:38:21,419 [app.py:register_local_handler()] - Registering HTTP Endpoint: (POST) /machine/update/rollback
2023-10-17 16:38:21,419 [websockets.py:register_api_handler()] - Registering Websocket JSON-RPC methods: machine.update.rollback
2023-10-17 16:38:21,419 [server.py:load_component()] - Component (update_manager) loaded
2023-10-17 16:38:21,421 [app.py:register_local_handler()] - Registering HTTP Endpoint: (GET) /api/version
2023-10-17 16:38:21,422 [app.py:register_local_handler()] - Registering HTTP Endpoint: (GET) /api/server
2023-10-17 16:38:21,422 [app.py:register_local_handler()] - Registering HTTP Endpoint: (POST) /api/login
2023-10-17 16:38:21,422 [app.py:register_local_handler()] - Registering HTTP Endpoint: (GET) /api/currentuser
2023-10-17 16:38:21,423 [app.py:register_local_handler()] - Registering HTTP Endpoint: (GET) /api/settings
2023-10-17 16:38:21,423 [app.py:register_local_handler()] - Registering HTTP Endpoint: (GET) /api/job
2023-10-17 16:38:21,423 [app.py:register_local_handler()] - Registering HTTP Endpoint: (GET) /api/printer
2023-10-17 16:38:21,423 [app.py:register_local_handler()] - Registering HTTP Endpoint: (POST) /api/printer/command
2023-10-17 16:38:21,424 [app.py:register_local_handler()] - Registering HTTP Endpoint: (GET) /api/printerprofiles
2023-10-17 16:38:21,424 [app.py:register_local_handler()] - Registering HTTP Endpoint: (POST) /api/files/moonraker/(?P<relative_path>.+)
2023-10-17 16:38:21,424 [server.py:load_component()] - Component (octoprint_compat) loaded
2023-10-17 16:38:21,432 [server.py:_initialize_component()] - Performing Component Post Init: [dbus_manager]
2023-10-17 16:38:21,444 [server.py:_initialize_component()] - Performing Component Post Init: [file_manager]
2023-10-17 16:38:21,460 [server.py:_initialize_component()] - Performing Component Post Init: [machine]
2023-10-17 16:38:21,460 [machine.py:validation_init()] - Installation version in database up to date
2023-10-17 16:38:21,633 [machine.py:check_virt_status()] - No Virtualization Detected
2023-10-17 16:38:21,643 [machine.py:_find_public_ip()] - Detected Local IP: 192.168.0.80
2023-10-17 16:38:21,645 [webcam.py:_set_default_host_ip()] - Default public webcam address set: http://192.168.0.80
2023-10-17 16:38:21,719 [server.py:add_log_rollover_item()] - 
Systemd unit moonraker.service:
unit_name: moonraker.service
is_default: True
manager: systemd
Properties:
**Requires=['sysinit.target', 'network-online.target', 'system.slice']
**After=['network-online.target', 'system.slice', 'klipper.service', 'basic.target', 'sysinit.target', 'systemd-journald.socket']
**SupplementaryGroups=['moonraker-admin']
**EnvironmentFiles=/home/pi/printer_data/systemd/moonraker.env
**ExecStart=/home/pi/moonraker-env/bin/python $MOONRAKER_ARGS
**WorkingDirectory=
**FragmentPath=/etc/systemd/system/moonraker.service
**Description=API Server for Klipper SV1
**User=pi
2023-10-17 16:38:21,719 [server.py:_initialize_component()] - Performing Component Post Init: [proc_stats]
2023-10-17 16:38:21,720 [server.py:_initialize_component()] - Performing Component Post Init: [announcements]
2023-10-17 16:38:21,721 [server.py:_initialize_component()] - Performing Component Post Init: [webcam]
2023-10-17 16:38:21,721 [webcam.py:_set_default_host_ip()] - Default public webcam address set: http://192.168.0.80
2023-10-17 16:38:21,722 [server.py:_initialize_component()] - Performing Component Post Init: [klippy_connection]
2023-10-17 16:38:21,723 [server.py:add_log_rollover_item()] - 
Systemd unit klipper.service:
unit_name: klipper.service
is_default: True
manager: systemd
Properties:
**Requires=['sysinit.target', 'system.slice', '-.mount']
**After=['network-online.target', 'system.slice', '-.mount', 'basic.target', 'sysinit.target', 'systemd-journald.socket']
**SupplementaryGroups=[]
**EnvironmentFiles=/home/pi/printer_data/systemd/klipper.env
**ExecStart=/home/pi/klippy-env/bin/python $KLIPPER_ARGS
**WorkingDirectory=/home/pi/klipper
**FragmentPath=/etc/systemd/system/klipper.service
**Description=Klipper 3D Printer Firmware SV1
**User=pi
2023-10-17 16:38:21,723 [server.py:_initialize_component()] - Performing Component Post Init: [authorization]
2023-10-17 16:38:21,723 [server.py:_initialize_component()] - Performing Component Post Init: [update_manager]
2023-10-17 16:38:21,770 [base_deploy.py:log_info()] - PackageDeploy: PackageKit Provider Configured
2023-10-17 16:38:21,771 [base_deploy.py:log_info()] - Git Repo moonraker: Stored pip version: 20.3.4
2023-10-17 16:38:22,297 [git_deploy.py:log_repo_info()] - Git Repo moonraker Detected:
Owner: Arksine
Repository Name: moonraker
Path: /home/pi/moonraker
Remote: origin
Branch: master
Remote URL: https://github.com/Arksine/moonraker.git
Recovery URL: https://github.com/Arksine/moonraker.git
Current Commit SHA: ee62d07c6826ec9c39b381ee9e85249c6d753cd5
Upstream Commit SHA: 2641fc54d6932445e54d3c2f72a74e46aaf290cf
Current Version: v0.8.0-142-gee62d07c
Upstream Version: v0.8.0-186-g2641fc54
Rollback Commit: fe120952ee06607d039af8f461028e9f5b817395
Rollback Branch: master
Rollback Version: v0.8.0-138-gfe120952
Is Dirty: False
Is Detached: False
Is Shallow: False
Commits Behind Count: 44
Diverged: False
Repo Warnings:
  Repo has untracked source files: ['moonraker/components/timelapse.py']
2023-10-17 16:38:22,819 [git_deploy.py:log_repo_info()] - Git Repo klipper Detected:
Owner: Klipper3d
Repository Name: klipper
Path: /home/pi/klipper
Remote: origin
Branch: master
Remote URL: https://github.com/Klipper3d/klipper.git
Recovery URL: https://github.com/Klipper3d/klipper.git
Current Commit SHA: 83ef0e135ef820f73c8579069c347953b9d6d56e
Upstream Commit SHA: b1f597c550dc90386f417a2d3b4fc35b4189c902
Current Version: v0.11.0-295-g83ef0e13
Upstream Version: v0.11.0-299-gb1f597c5
Rollback Commit: 21b784297916ac31b0e83161976effea048b53cb
Rollback Branch: master
Rollback Version: v0.11.0-277-g21b78429
Is Dirty: False
Is Detached: False
Is Shallow: False
Commits Behind Count: 4
Diverged: False
2023-10-17 16:38:22,822 [web_deploy.py:_log_client_info()] - Web Client mainsail Detected:
Repo: mainsail-crew/mainsail
Channel: stable
Path: /home/pi/mainsail
Local Version: v2.7.1
Remote Version: v2.8.0
Valid: True
Fallback Client Detected: False
Pre-release: False
Download Url: https://github.com/mainsail-crew/mainsail/releases/download/v2.8.0/mainsail.zip
Download Size: 2147663
Content Type: application/zip
Rollback Version: v2.6.2
Rollback Repo: mainsail-crew/mainsail
2023-10-17 16:38:23,344 [git_deploy.py:log_repo_info()] - Git Repo mainsail-config Detected:
Owner: mainsail-crew
Repository Name: mainsail-config
Path: /home/pi/mainsail-config
Remote: origin
Branch: master
Remote URL: https://github.com/mainsail-crew/mainsail-config.git
Recovery URL: https://github.com/mainsail-crew/mainsail-config.git
Current Commit SHA: c64d3af97a277ffdf607a398cc838991bcda069b
Upstream Commit SHA: c64d3af97a277ffdf607a398cc838991bcda069b
Current Version: v1.0.0-16-gc64d3af9
Upstream Version: v1.0.0-16-gc64d3af9
Rollback Commit: e954ed17009461dfef3818f993bcefb7e541822b
Rollback Branch: master
Rollback Version: v1.0.0-14-ge954ed17
Is Dirty: False
Is Detached: False
Is Shallow: False
Commits Behind Count: 0
Diverged: False
2023-10-17 16:38:23,877 [git_deploy.py:log_repo_info()] - Git Repo crowsnest Detected:
Owner: mainsail-crew
Repository Name: crowsnest
Path: /home/pi/crowsnest
Remote: origin
Branch: master
Remote URL: https://github.com/mainsail-crew/crowsnest.git
Recovery URL: https://github.com/mainsail-crew/crowsnest.git
Current Commit SHA: 767c53aaf0aaf3b803e36d5e506230f0e79c8a04
Upstream Commit SHA: 767c53aaf0aaf3b803e36d5e506230f0e79c8a04
Current Version: v4.0.4-6-g767c53aa
Upstream Version: v4.0.4-6-g767c53aa
Rollback Commit: c9bc30414e10e0fadf20e379b614b28869783c22
Rollback Branch: master
Rollback Version: v4.0.4-0-gc9bc3041
Is Dirty: False
Is Detached: False
Is Shallow: False
Commits Behind Count: 0
Diverged: False
2023-10-17 16:38:24,421 [git_deploy.py:log_repo_info()] - Git Repo sonar Detected:
Owner: mainsail-crew
Repository Name: sonar
Path: /home/pi/sonar
Remote: origin
Branch: main
Remote URL: https://github.com/mainsail-crew/sonar.git
Recovery URL: https://github.com/mainsail-crew/sonar.git
Current Commit SHA: 7962a1225ad88fa2a642ae2b378637491b4b2710
Upstream Commit SHA: 7962a1225ad88fa2a642ae2b378637491b4b2710
Current Version: v0.1.2-0-g7962a122
Upstream Version: v0.1.2-0-g7962a122
Rollback Commit: 7962a1225ad88fa2a642ae2b378637491b4b2710
Rollback Branch: main
Rollback Version: v0.1.2-0-g7962a12
Is Dirty: False
Is Detached: False
Is Shallow: False
Commits Behind Count: 0
Diverged: False
2023-10-17 16:38:24,970 [git_deploy.py:log_repo_info()] - Git Repo Klipper-Adaptive-Meshing-Purging Detected:
Owner: kyleisah
Repository Name: Klipper-Adaptive-Meshing-Purging
Path: /home/pi/Klipper-Adaptive-Meshing-Purging
Remote: origin
Branch: main
Remote URL: https://github.com/kyleisah/Klipper-Adaptive-Meshing-Purging.git
Recovery URL: https://github.com/kyleisah/Klipper-Adaptive-Meshing-Purging.git
Current Commit SHA: c7b4b45ecb6b4f1b9b1f16dd5f7f425b9198a6f3
Upstream Commit SHA: 2389a9949ddc9a0937e402c37b779d35f0a9583f
Current Version: v1.1.2-3-gc7b4b45e
Upstream Version: v1.1.2-4-g2389a994
Rollback Commit: 2658bf7eb8feba6e3df63f13968e7361db674448
Rollback Branch: main
Rollback Version: v1.1.2-1-g2658bf7e
Is Dirty: False
Is Detached: False
Is Shallow: False
Commits Behind Count: 1
Diverged: False
2023-10-17 16:38:24,972 [base_deploy.py:log_info()] - PackageKit: Next refresh in: 6 Days, 22 Hours, 25 Minutes, 39 Seconds
2023-10-17 16:38:24,972 [base_deploy.py:log_info()] - Git Repo moonraker: Next refresh in: 6 Days, 22 Hours, 25 Minutes, 40 Seconds
2023-10-17 16:38:24,973 [base_deploy.py:log_info()] - Git Repo klipper: Next refresh in: 6 Days, 22 Hours, 25 Minutes, 42 Seconds
2023-10-17 16:38:24,973 [base_deploy.py:log_info()] - Web Client mainsail: Next refresh in: 6 Days, 22 Hours, 25 Minutes, 42 Seconds
2023-10-17 16:38:24,973 [base_deploy.py:log_info()] - Git Repo mainsail-config: Next refresh in: 6 Days, 22 Hours, 25 Minutes, 43 Seconds
2023-10-17 16:38:24,973 [base_deploy.py:log_info()] - Git Repo crowsnest: Next refresh in: 6 Days, 22 Hours, 25 Minutes, 44 Seconds
2023-10-17 16:38:24,974 [base_deploy.py:log_info()] - Git Repo sonar: Next refresh in: 6 Days, 22 Hours, 25 Minutes, 44 Seconds
2023-10-17 16:38:24,974 [base_deploy.py:log_info()] - Git Repo Klipper-Adaptive-Meshing-Purging: Next refresh in: 6 Days, 22 Hours, 25 Minutes, 45 Seconds
2023-10-17 16:38:24,981 [extensions.py:start_unix_server()] - Creating Unix Domain Socket at '/home/pi/printer_data/comms/moonraker.sock'
2023-10-17 16:38:24,983 [server.py:start_server()] - Starting Moonraker on (0.0.0.0, 7125), Hostname: pi48GBTrident
2023-10-17 16:38:24,986 [app.py:listen()] - SSL Certificate/Key not configured, aborting HTTPS Server startup
2023-10-17 16:38:25,241 [klippy_connection.py:_do_connect()] - Klippy Connection Established
2023-10-17 16:38:25,608 [server.py:add_log_rollover_item()] - Klipper Version: v0.11.0-295-g83ef0e13
2023-10-17 16:38:25,614 [app.py:register_remote_handler()] - Registering HTTP endpoint: (GET POST) /printer/info
2023-10-17 16:38:25,614 [websockets.py:register_api_handler()] - Registering Websocket JSON-RPC methods: printer.info
2023-10-17 16:38:25,614 [app.py:register_remote_handler()] - Registering HTTP endpoint: (GET POST) /printer/emergency_stop
2023-10-17 16:38:25,615 [websockets.py:register_api_handler()] - Registering Websocket JSON-RPC methods: printer.emergency_stop
2023-10-17 16:38:25,615 [app.py:register_remote_handler()] - Registering HTTP endpoint: (GET POST) /printer/gcode/help
2023-10-17 16:38:25,615 [websockets.py:register_api_handler()] - Registering Websocket JSON-RPC methods: printer.gcode.help
2023-10-17 16:38:25,615 [app.py:register_remote_handler()] - Registering HTTP endpoint: (GET POST) /printer/gcode/script
2023-10-17 16:38:25,615 [websockets.py:register_api_handler()] - Registering Websocket JSON-RPC methods: printer.gcode.script
2023-10-17 16:38:25,615 [app.py:register_remote_handler()] - Registering HTTP endpoint: (GET POST) /printer/gcode/restart
2023-10-17 16:38:25,616 [websockets.py:register_api_handler()] - Registering Websocket JSON-RPC methods: printer.gcode.restart
2023-10-17 16:38:25,616 [app.py:register_remote_handler()] - Registering HTTP endpoint: (GET POST) /printer/gcode/firmware_restart
2023-10-17 16:38:25,616 [websockets.py:register_api_handler()] - Registering Websocket JSON-RPC methods: printer.gcode.firmware_restart
2023-10-17 16:38:25,616 [app.py:register_remote_handler()] - Registering HTTP endpoint: (GET POST) /printer/objects/list
2023-10-17 16:38:25,616 [websockets.py:register_api_handler()] - Registering Websocket JSON-RPC methods: printer.objects.list
2023-10-17 16:38:25,616 [app.py:register_remote_handler()] - Registering HTTP endpoint: (GET POST) /printer/objects/query
2023-10-17 16:38:25,617 [websockets.py:register_api_handler()] - Registering Websocket JSON-RPC methods: printer.objects.query
2023-10-17 16:38:25,617 [app.py:register_remote_handler()] - Registering HTTP endpoint: (GET POST) /printer/objects/subscribe
2023-10-17 16:38:25,617 [websockets.py:register_api_handler()] - Registering Websocket JSON-RPC methods: printer.objects.subscribe
2023-10-17 16:38:25,617 [app.py:register_remote_handler()] - Registering HTTP endpoint: (GET POST) /printer/adxl345/dump_adxl345
2023-10-17 16:38:25,618 [websockets.py:register_api_handler()] - Registering Websocket JSON-RPC methods: printer.adxl345.dump_adxl345
2023-10-17 16:38:25,618 [app.py:register_remote_handler()] - Registering HTTP endpoint: (GET POST) /printer/pause_resume/cancel
2023-10-17 16:38:25,618 [websockets.py:register_api_handler()] - Registering Websocket JSON-RPC methods: printer.pause_resume.cancel
2023-10-17 16:38:25,618 [app.py:register_remote_handler()] - Registering HTTP endpoint: (GET POST) /printer/pause_resume/pause
2023-10-17 16:38:25,618 [websockets.py:register_api_handler()] - Registering Websocket JSON-RPC methods: printer.pause_resume.pause
2023-10-17 16:38:25,618 [app.py:register_remote_handler()] - Registering HTTP endpoint: (GET POST) /printer/pause_resume/resume
2023-10-17 16:38:25,619 [websockets.py:register_api_handler()] - Registering Websocket JSON-RPC methods: printer.pause_resume.resume
2023-10-17 16:38:25,619 [app.py:register_remote_handler()] - Registering HTTP endpoint: (GET POST) /printer/motion_report/dump_stepper
2023-10-17 16:38:25,620 [websockets.py:register_api_handler()] - Registering Websocket JSON-RPC methods: printer.motion_report.dump_stepper
2023-10-17 16:38:25,620 [app.py:register_remote_handler()] - Registering HTTP endpoint: (GET POST) /printer/query_endstops/status
2023-10-17 16:38:25,621 [websockets.py:register_api_handler()] - Registering Websocket JSON-RPC methods: printer.query_endstops.status
2023-10-17 16:38:25,621 [app.py:register_remote_handler()] - Registering HTTP endpoint: (GET POST) /printer/motion_report/dump_trapq
2023-10-17 16:38:25,621 [websockets.py:register_api_handler()] - Registering Websocket JSON-RPC methods: printer.motion_report.dump_trapq
2023-10-17 16:38:25,623 [klippy_connection.py:_request_initial_subscriptions()] - Webhooks Subscribed
2023-10-17 16:38:25,624 [klippy_connection.py:_request_initial_subscriptions()] - GCode Output Subscribed
2023-10-17 16:38:25,874 [job_state.py:_handle_started()] - Job state initialized: standby
2023-10-17 16:38:26,136 [klippy_connection.py:_check_ready()] - Klippy ready
2023-10-17 16:38:26,626 [data_store.py:_init_sensors()] - Configuring available sensors: ['temperature_sensor CANBOARD', 'heater_bed', 'temperature_sensor chamber', 'temperature_sensor raspberry_pi', 'temperature_sensor mcu_temp', 'extruder']
2023-10-17 16:38:37,814 [server.py:_handle_term_signal()] - Exiting with signal SIGTERM
2023-10-17 16:38:37,916 [klippy_connection.py:_on_connection_closed()] - Klippy Connection Removed
2023-10-17 16:38:37,927 [database.py:close()] - Database statistics:

announcements:
psize: 4096
depth: 0
branch_pages: 0
leaf_pages: 0
overflow_pages: 0
entries: 0
authorized_users:
psize: 4096
depth: 1
branch_pages: 0
leaf_pages: 1
overflow_pages: 0
entries: 1
gcode_metadata:
psize: 4096
depth: 1
branch_pages: 0
leaf_pages: 1
overflow_pages: 0
entries: 1
history:
psize: 4096
depth: 2
branch_pages: 1
leaf_pages: 149
overflow_pages: 0
entries: 337
mainsail:
psize: 4096
depth: 2
branch_pages: 1
leaf_pages: 2
overflow_pages: 1
entries: 11
moonraker:
psize: 4096
depth: 1
branch_pages: 0
leaf_pages: 1
overflow_pages: 0
entries: 7
update_manager:
psize: 4096
depth: 2
branch_pages: 1
leaf_pages: 3
overflow_pages: 4
entries: 8
2023-10-17 16:38:37,994 [server.py:main()] - Server Shutdown
